[ 2020-01-23T18:35:23+08:00 ] ::1 ::1 GET /myblog/public/index.php
[ log ] localhost/myblog/public/index.php [运行时间：4.838900s][吞吐率：0.21req/s] [内存消耗：2,103.98kb] [文件加载：51]
[ info ] [ ROUTE ] array (
  'type' => 'module',
  'module' => 
  array (
    0 => '',
    1 => NULL,
    2 => NULL,
  ),
)
[ info ] [ HEADER ] array (
  'host' => 'localhost',
  'user-agent' => 'Mozilla/5.0 (Windows NT 10.0; Win64; x64; rv:72.0) Gecko/20100101 Firefox/72.0',
  'accept' => 'text/html,application/xhtml+xml,application/xml;q=0.9,image/webp,*/*;q=0.8',
  'accept-language' => 'zh-CN,zh;q=0.8,zh-TW;q=0.7,zh-HK;q=0.5,en-US;q=0.3,en;q=0.2',
  'accept-encoding' => 'gzip, deflate',
  'connection' => 'keep-alive',
  'upgrade-insecure-requests' => '1',
)
[ info ] [ PARAM ] array (
)
[ info ] [ RUN ] Method [ <user> public method index ] {
  @@ E:\PHPTutorial\WWW\myblog\application\index\controller\Index.php 6 - 21
}

[ info ] [ DB ] INIT mysql
[ info ] [ LANG ] E:\PHPTutorial\WWW\myblog\thinkphp\lang\zh-cn.php
[ info ] [ LANG ] E:\PHPTutorial\WWW\myblog\thinkphp\lang\zh-cn.php
[ info ] [ LOG ] INIT File
[ error ] [1049]SQLSTATE[HY000] [1049] Unknown database 'myblog'[E:\PHPTutorial\WWW\myblog\thinkphp\library\think\db\Connection.php:277]

---------------------------------------------------------------
[ 2020-01-23T18:39:34+08:00 ] ::1 ::1 GET /myblog/public/index.php
[ log ] localhost/myblog/public/index.php [运行时间：0.999396s][吞吐率：1.00req/s] [内存消耗：2,539.38kb] [文件加载：56]
[ info ] [ ROUTE ] array (
  'type' => 'module',
  'module' => 
  array (
    0 => '',
    1 => NULL,
    2 => NULL,
  ),
)
[ info ] [ HEADER ] array (
  'host' => 'localhost',
  'user-agent' => 'Mozilla/5.0 (Windows NT 10.0; Win64; x64; rv:72.0) Gecko/20100101 Firefox/72.0',
  'accept' => 'text/html,application/xhtml+xml,application/xml;q=0.9,image/webp,*/*;q=0.8',
  'accept-language' => 'zh-CN,zh;q=0.8,zh-TW;q=0.7,zh-HK;q=0.5,en-US;q=0.3,en;q=0.2',
  'accept-encoding' => 'gzip, deflate',
  'connection' => 'keep-alive',
  'cookie' => 'think_var=zh-cn',
  'upgrade-insecure-requests' => '1',
)
[ info ] [ PARAM ] array (
)
[ info ] [ RUN ] Method [ <user> public method index ] {
  @@ E:\PHPTutorial\WWW\myblog\application\index\controller\Index.php 6 - 21
}

[ info ] [ DB ] INIT mysql
[ info ] [ DB ] INIT mysql
[ info ] [ DB ] INIT mysql
[ info ] [ DB ] INIT mysql
[ info ] [ VIEW ] E:\PHPTutorial\WWW\myblog\public/../application/index\view\index\index.html [ array (
  0 => 'cates',
  1 => 'friends',
  2 => 'articles',
  3 => 'articless',
) ]
[ info ] [ SESSION ] INIT array (
  'id' => '',
  'var_session_id' => '',
  'prefix' => 'think',
  'type' => '',
  'auto_start' => true,
)
[ info ] [ LOG ] INIT File
[ sql ] [ DB ] CONNECT:[ UseTime:0.027592s ] mysql:dbname=myblog;host=127.0.0.1;charset=utf8
[ sql ] [ SQL ] SHOW COLUMNS FROM `cate` [ RunTime:0.167104s ]
[ sql ] [ SQL ] SELECT * FROM `cate`  [ RunTime:0.058941s ]
[ sql ] [ DB ] CONNECT:[ UseTime:0.155712s ] mysql:dbname=myblog;host=127.0.0.1;charset=utf8
[ sql ] [ SQL ] SHOW COLUMNS FROM `friend` [ RunTime:0.013124s ]
[ sql ] [ SQL ] SELECT * FROM `friend`  [ RunTime:0.001144s ]
[ sql ] [ DB ] CONNECT:[ UseTime:0.003068s ] mysql:dbname=myblog;host=127.0.0.1;charset=utf8
[ sql ] [ SQL ] SHOW COLUMNS FROM `article` [ RunTime:0.012795s ]
[ sql ] [ SQL ] SELECT * FROM `article`  [ RunTime:0.001080s ]
[ sql ] [ DB ] CONNECT:[ UseTime:0.002798s ] mysql:dbname=myblog;host=127.0.0.1;charset=utf8
[ sql ] [ SQL ] SELECT COUNT(*) AS tp_count FROM `article` LIMIT 1   [ RunTime:0.018412s ]
[ sql ] [ SQL ] SELECT * FROM `article` LIMIT 0,3   [ RunTime:0.000913s ]

---------------------------------------------------------------
[ 2020-01-23T18:39:59+08:00 ] ::1 ::1 GET /myblog/public/index.php/index/cate/index/id/1.html
[ log ] localhost/myblog/public/index.php/index/cate/index/id/1.html [运行时间：6.226428s][吞吐率：0.16req/s] [内存消耗：2,524.16kb] [文件加载：56]
[ info ] [ ROUTE ] array (
  'type' => 'module',
  'module' => 
  array (
    0 => 'index',
    1 => 'cate',
    2 => 'index',
  ),
)
[ info ] [ HEADER ] array (
  'host' => 'localhost',
  'user-agent' => 'Mozilla/5.0 (Windows NT 10.0; Win64; x64; rv:72.0) Gecko/20100101 Firefox/72.0',
  'accept' => 'text/html,application/xhtml+xml,application/xml;q=0.9,image/webp,*/*;q=0.8',
  'accept-language' => 'zh-CN,zh;q=0.8,zh-TW;q=0.7,zh-HK;q=0.5,en-US;q=0.3,en;q=0.2',
  'accept-encoding' => 'gzip, deflate',
  'connection' => 'keep-alive',
  'referer' => 'http://localhost/myblog/public/index.php',
  'cookie' => 'think_var=zh-cn; PHPSESSID=s5lcf9q7023glpdr6554ik9i34',
  'upgrade-insecure-requests' => '1',
)
[ info ] [ PARAM ] array (
  'id' => '1',
)
[ info ] [ RUN ] Method [ <user> public method index ] {
  @@ E:\PHPTutorial\WWW\myblog\application\index\controller\Cate.php 6 - 22
}

[ info ] [ DB ] INIT mysql
[ info ] [ DB ] INIT mysql
[ info ] [ DB ] INIT mysql
[ info ] [ DB ] INIT mysql
[ info ] [ VIEW ] E:\PHPTutorial\WWW\myblog\public/../application/index\view\cate\index.html [ array (
  0 => 'cates',
  1 => 'friends',
  2 => 'articles',
  3 => 'articless',
) ]
[ info ] [ SESSION ] INIT array (
  'id' => '',
  'var_session_id' => '',
  'prefix' => 'think',
  'type' => '',
  'auto_start' => true,
)
[ info ] [ LOG ] INIT File
[ sql ] [ DB ] CONNECT:[ UseTime:0.003062s ] mysql:dbname=myblog;host=127.0.0.1;charset=utf8
[ sql ] [ SQL ] SHOW COLUMNS FROM `cate` [ RunTime:0.034247s ]
[ sql ] [ SQL ] SELECT * FROM `cate`  [ RunTime:0.001265s ]
[ sql ] [ DB ] CONNECT:[ UseTime:0.001308s ] mysql:dbname=myblog;host=127.0.0.1;charset=utf8
[ sql ] [ SQL ] SHOW COLUMNS FROM `friend` [ RunTime:0.150848s ]
[ sql ] [ SQL ] SELECT * FROM `friend`  [ RunTime:0.000731s ]
[ sql ] [ DB ] CONNECT:[ UseTime:0.001898s ] mysql:dbname=myblog;host=127.0.0.1;charset=utf8
[ sql ] [ SQL ] SHOW COLUMNS FROM `article` [ RunTime:0.018400s ]
[ sql ] [ SQL ] SELECT * FROM `article`  [ RunTime:0.000928s ]
[ sql ] [ DB ] CONNECT:[ UseTime:0.004458s ] mysql:dbname=myblog;host=127.0.0.1;charset=utf8
[ sql ] [ SQL ] SELECT COUNT(*) AS tp_count FROM `article` WHERE  `typeid` = 1 LIMIT 1    [ RunTime:0.068091s ]
[ sql ] [ SQL ] SELECT * FROM `article` WHERE  `typeid` = 1 LIMIT 0,2    [ RunTime:0.001135s ]

---------------------------------------------------------------
[ 2020-01-23T18:40:36+08:00 ] ::1 ::1 GET /myblog/public/index.php/index/cate/index/id/2.html
[ log ] localhost/myblog/public/index.php/index/cate/index/id/2.html [运行时间：9.814390s][吞吐率：0.10req/s] [内存消耗：2,359.60kb] [文件加载：54]
[ info ] [ ROUTE ] array (
  'type' => 'module',
  'module' => 
  array (
    0 => 'index',
    1 => 'cate',
    2 => 'index',
  ),
)
[ info ] [ HEADER ] array (
  'host' => 'localhost',
  'user-agent' => 'Mozilla/5.0 (Windows NT 10.0; Win64; x64; rv:72.0) Gecko/20100101 Firefox/72.0',
  'accept' => 'text/html,application/xhtml+xml,application/xml;q=0.9,image/webp,*/*;q=0.8',
  'accept-language' => 'zh-CN,zh;q=0.8,zh-TW;q=0.7,zh-HK;q=0.5,en-US;q=0.3,en;q=0.2',
  'accept-encoding' => 'gzip, deflate',
  'connection' => 'keep-alive',
  'referer' => 'http://localhost/myblog/public/index.php/index/cate/index/id/1.html',
  'cookie' => 'think_var=zh-cn; PHPSESSID=s5lcf9q7023glpdr6554ik9i34',
  'upgrade-insecure-requests' => '1',
)
[ info ] [ PARAM ] array (
  'id' => '2',
)
[ info ] [ RUN ] Method [ <user> public method index ] {
  @@ E:\PHPTutorial\WWW\myblog\application\index\controller\Cate.php 6 - 22
}

[ info ] [ DB ] INIT mysql
[ info ] [ DB ] INIT mysql
[ info ] [ DB ] INIT mysql
[ info ] [ DB ] INIT mysql
[ info ] [ VIEW ] E:\PHPTutorial\WWW\myblog\public/../application/index\view\cate\index.html [ array (
  0 => 'cates',
  1 => 'friends',
  2 => 'articles',
  3 => 'articless',
) ]
[ info ] [ SESSION ] INIT array (
  'id' => '',
  'var_session_id' => '',
  'prefix' => 'think',
  'type' => '',
  'auto_start' => true,
)
[ info ] [ LOG ] INIT File
[ sql ] [ DB ] CONNECT:[ UseTime:0.002111s ] mysql:dbname=myblog;host=127.0.0.1;charset=utf8
[ sql ] [ SQL ] SHOW COLUMNS FROM `cate` [ RunTime:0.013550s ]
[ sql ] [ SQL ] SELECT * FROM `cate`  [ RunTime:0.000840s ]
[ sql ] [ DB ] CONNECT:[ UseTime:0.001492s ] mysql:dbname=myblog;host=127.0.0.1;charset=utf8
[ sql ] [ SQL ] SHOW COLUMNS FROM `friend` [ RunTime:0.214008s ]
[ sql ] [ SQL ] SELECT * FROM `friend`  [ RunTime:0.000863s ]
[ sql ] [ DB ] CONNECT:[ UseTime:0.001318s ] mysql:dbname=myblog;host=127.0.0.1;charset=utf8
[ sql ] [ SQL ] SHOW COLUMNS FROM `article` [ RunTime:0.180060s ]
[ sql ] [ SQL ] SELECT * FROM `article`  [ RunTime:0.000980s ]
[ sql ] [ DB ] CONNECT:[ UseTime:0.001750s ] mysql:dbname=myblog;host=127.0.0.1;charset=utf8
[ sql ] [ SQL ] SELECT COUNT(*) AS tp_count FROM `article` WHERE  `typeid` = 2 LIMIT 1    [ RunTime:0.644323s ]
[ sql ] [ SQL ] SELECT * FROM `article` WHERE  `typeid` = 2 LIMIT 0,2    [ RunTime:0.000817s ]

---------------------------------------------------------------
[ 2020-01-23T18:42:54+08:00 ] ::1 ::1 POST /myblog/public/index.php/index/login/login.html
[ log ] localhost/myblog/public/index.php/index/login/login.html [运行时间：0.226940s][吞吐率：4.41req/s] [内存消耗：2,258.34kb] [文件加载：52]
[ info ] [ ROUTE ] array (
  'type' => 'module',
  'module' => 
  array (
    0 => 'index',
    1 => 'login',
    2 => 'login',
  ),
)
[ info ] [ HEADER ] array (
  'host' => 'localhost',
  'user-agent' => 'Mozilla/5.0 (Windows NT 10.0; Win64; x64; rv:72.0) Gecko/20100101 Firefox/72.0',
  'accept' => 'text/html,application/xhtml+xml,application/xml;q=0.9,image/webp,*/*;q=0.8',
  'accept-language' => 'zh-CN,zh;q=0.8,zh-TW;q=0.7,zh-HK;q=0.5,en-US;q=0.3,en;q=0.2',
  'accept-encoding' => 'gzip, deflate',
  'origin' => 'http://localhost',
  'connection' => 'keep-alive',
  'referer' => 'http://localhost/myblog/public/index.php/index/cate/index/id/2.html',
  'cookie' => 'think_var=zh-cn; PHPSESSID=s5lcf9q7023glpdr6554ik9i34',
  'upgrade-insecure-requests' => '1',
  'content-type' => 'application/x-www-form-urlencoded',
  'content-length' => '29',
)
[ info ] [ PARAM ] array (
  'username' => 'admin',
  'password' => 'admin',
)
[ info ] [ RUN ] Method [ <user> public method login ] {
  @@ E:\PHPTutorial\WWW\myblog\application\index\controller\Login.php 72 - 96
}

[ info ] [ DB ] INIT mysql
[ info ] [ SESSION ] INIT array (
  'id' => '',
  'var_session_id' => '',
  'prefix' => 'think',
  'type' => '',
  'auto_start' => true,
)
[ info ] [ VIEW ] E:\PHPTutorial\WWW\myblog\thinkphp\tpl\dispatch_jump.tpl [ array (
  0 => 'code',
  1 => 'msg',
  2 => 'data',
  3 => 'url',
  4 => 'wait',
) ]
[ info ] [ LOG ] INIT File
[ sql ] [ DB ] CONNECT:[ UseTime:0.002049s ] mysql:dbname=myblog;host=127.0.0.1;charset=utf8
[ sql ] [ SQL ] SHOW COLUMNS FROM `user` [ RunTime:0.035631s ]
[ sql ] [ SQL ] SELECT * FROM `user` WHERE  `username` = 'admin'  AND `password` = 'admin' LIMIT 1     [ RunTime:0.000968s ]

---------------------------------------------------------------
[ 2020-01-23T18:42:57+08:00 ] ::1 ::1 GET /myblog/public/index.php/index/cate/index/id/2.html
[ log ] localhost/myblog/public/index.php/index/cate/index/id/2.html [运行时间：0.141938s][吞吐率：7.05req/s] [内存消耗：2,359.60kb] [文件加载：54]
[ info ] [ ROUTE ] array (
  'type' => 'module',
  'module' => 
  array (
    0 => 'index',
    1 => 'cate',
    2 => 'index',
  ),
)
[ info ] [ HEADER ] array (
  'host' => 'localhost',
  'user-agent' => 'Mozilla/5.0 (Windows NT 10.0; Win64; x64; rv:72.0) Gecko/20100101 Firefox/72.0',
  'accept' => 'text/html,application/xhtml+xml,application/xml;q=0.9,image/webp,*/*;q=0.8',
  'accept-language' => 'zh-CN,zh;q=0.8,zh-TW;q=0.7,zh-HK;q=0.5,en-US;q=0.3,en;q=0.2',
  'accept-encoding' => 'gzip, deflate',
  'referer' => 'http://localhost/myblog/public/index.php/index/cate/index/id/1.html',
  'connection' => 'keep-alive',
  'cookie' => 'think_var=zh-cn; PHPSESSID=s5lcf9q7023glpdr6554ik9i34',
  'upgrade-insecure-requests' => '1',
)
[ info ] [ PARAM ] array (
  'id' => '2',
)
[ info ] [ RUN ] Method [ <user> public method index ] {
  @@ E:\PHPTutorial\WWW\myblog\application\index\controller\Cate.php 6 - 22
}

[ info ] [ DB ] INIT mysql
[ info ] [ DB ] INIT mysql
[ info ] [ DB ] INIT mysql
[ info ] [ DB ] INIT mysql
[ info ] [ VIEW ] E:\PHPTutorial\WWW\myblog\public/../application/index\view\cate\index.html [ array (
  0 => 'cates',
  1 => 'friends',
  2 => 'articles',
  3 => 'articless',
) ]
[ info ] [ SESSION ] INIT array (
  'id' => '',
  'var_session_id' => '',
  'prefix' => 'think',
  'type' => '',
  'auto_start' => true,
)
[ info ] [ LOG ] INIT File
[ sql ] [ DB ] CONNECT:[ UseTime:0.001395s ] mysql:dbname=myblog;host=127.0.0.1;charset=utf8
[ sql ] [ SQL ] SHOW COLUMNS FROM `cate` [ RunTime:0.011272s ]
[ sql ] [ SQL ] SELECT * FROM `cate`  [ RunTime:0.001120s ]
[ sql ] [ DB ] CONNECT:[ UseTime:0.001562s ] mysql:dbname=myblog;host=127.0.0.1;charset=utf8
[ sql ] [ SQL ] SHOW COLUMNS FROM `friend` [ RunTime:0.013989s ]
[ sql ] [ SQL ] SELECT * FROM `friend`  [ RunTime:0.000682s ]
[ sql ] [ DB ] CONNECT:[ UseTime:0.001419s ] mysql:dbname=myblog;host=127.0.0.1;charset=utf8
[ sql ] [ SQL ] SHOW COLUMNS FROM `article` [ RunTime:0.015312s ]
[ sql ] [ SQL ] SELECT * FROM `article`  [ RunTime:0.000812s ]
[ sql ] [ DB ] CONNECT:[ UseTime:0.001500s ] mysql:dbname=myblog;host=127.0.0.1;charset=utf8
[ sql ] [ SQL ] SELECT COUNT(*) AS tp_count FROM `article` WHERE  `typeid` = 2 LIMIT 1    [ RunTime:0.000811s ]
[ sql ] [ SQL ] SELECT * FROM `article` WHERE  `typeid` = 2 LIMIT 0,2    [ RunTime:0.001108s ]

---------------------------------------------------------------
[ 2020-01-23T18:43:35+08:00 ] ::1 ::1 POST /myblog/public/index.php/index/login/login.html
[ log ] localhost/myblog/public/index.php/index/login/login.html [运行时间：0.096359s][吞吐率：10.38req/s] [内存消耗：2,118.13kb] [文件加载：50]
[ info ] [ ROUTE ] array (
  'type' => 'module',
  'module' => 
  array (
    0 => 'index',
    1 => 'login',
    2 => 'login',
  ),
)
[ info ] [ HEADER ] array (
  'host' => 'localhost',
  'user-agent' => 'Mozilla/5.0 (Windows NT 10.0; Win64; x64; rv:72.0) Gecko/20100101 Firefox/72.0',
  'accept' => 'text/html,application/xhtml+xml,application/xml;q=0.9,image/webp,*/*;q=0.8',
  'accept-language' => 'zh-CN,zh;q=0.8,zh-TW;q=0.7,zh-HK;q=0.5,en-US;q=0.3,en;q=0.2',
  'accept-encoding' => 'gzip, deflate',
  'origin' => 'http://localhost',
  'connection' => 'keep-alive',
  'referer' => 'http://localhost/myblog/public/index.php/index/cate/index/id/2.html',
  'cookie' => 'think_var=zh-cn; PHPSESSID=s5lcf9q7023glpdr6554ik9i34',
  'upgrade-insecure-requests' => '1',
  'content-type' => 'application/x-www-form-urlencoded',
  'content-length' => '29',
)
[ info ] [ PARAM ] array (
  'username' => 'lily123456',
  'password' => '',
)
[ info ] [ RUN ] Method [ <user> public method login ] {
  @@ E:\PHPTutorial\WWW\myblog\application\index\controller\Login.php 72 - 96
}

[ info ] [ DB ] INIT mysql
[ info ] [ SESSION ] INIT array (
  'id' => '',
  'var_session_id' => '',
  'prefix' => 'think',
  'type' => '',
  'auto_start' => true,
)
[ info ] [ VIEW ] E:\PHPTutorial\WWW\myblog\thinkphp\tpl\dispatch_jump.tpl [ array (
  0 => 'code',
  1 => 'msg',
  2 => 'data',
  3 => 'url',
  4 => 'wait',
) ]
[ info ] [ LOG ] INIT File
[ sql ] [ DB ] CONNECT:[ UseTime:0.001410s ] mysql:dbname=myblog;host=127.0.0.1;charset=utf8
[ sql ] [ SQL ] SHOW COLUMNS FROM `user` [ RunTime:0.013789s ]
[ sql ] [ SQL ] SELECT * FROM `user` WHERE  `username` = 'lily123456'  AND `password` = '' LIMIT 1     [ RunTime:0.000742s ]

---------------------------------------------------------------
[ 2020-01-23T18:43:39+08:00 ] ::1 ::1 GET /myblog/public/index.php/index/cate/index/id/2.html
[ log ] localhost/myblog/public/index.php/index/cate/index/id/2.html [运行时间：0.166449s][吞吐率：6.01req/s] [内存消耗：2,359.60kb] [文件加载：54]
[ info ] [ ROUTE ] array (
  'type' => 'module',
  'module' => 
  array (
    0 => 'index',
    1 => 'cate',
    2 => 'index',
  ),
)
[ info ] [ HEADER ] array (
  'host' => 'localhost',
  'user-agent' => 'Mozilla/5.0 (Windows NT 10.0; Win64; x64; rv:72.0) Gecko/20100101 Firefox/72.0',
  'accept' => 'text/html,application/xhtml+xml,application/xml;q=0.9,image/webp,*/*;q=0.8',
  'accept-language' => 'zh-CN,zh;q=0.8,zh-TW;q=0.7,zh-HK;q=0.5,en-US;q=0.3,en;q=0.2',
  'accept-encoding' => 'gzip, deflate',
  'referer' => 'http://localhost/myblog/public/index.php/index/cate/index/id/1.html',
  'connection' => 'keep-alive',
  'cookie' => 'think_var=zh-cn; PHPSESSID=s5lcf9q7023glpdr6554ik9i34',
  'upgrade-insecure-requests' => '1',
)
[ info ] [ PARAM ] array (
  'id' => '2',
)
[ info ] [ RUN ] Method [ <user> public method index ] {
  @@ E:\PHPTutorial\WWW\myblog\application\index\controller\Cate.php 6 - 22
}

[ info ] [ DB ] INIT mysql
[ info ] [ DB ] INIT mysql
[ info ] [ DB ] INIT mysql
[ info ] [ DB ] INIT mysql
[ info ] [ VIEW ] E:\PHPTutorial\WWW\myblog\public/../application/index\view\cate\index.html [ array (
  0 => 'cates',
  1 => 'friends',
  2 => 'articles',
  3 => 'articless',
) ]
[ info ] [ SESSION ] INIT array (
  'id' => '',
  'var_session_id' => '',
  'prefix' => 'think',
  'type' => '',
  'auto_start' => true,
)
[ info ] [ LOG ] INIT File
[ sql ] [ DB ] CONNECT:[ UseTime:0.002517s ] mysql:dbname=myblog;host=127.0.0.1;charset=utf8
[ sql ] [ SQL ] SHOW COLUMNS FROM `cate` [ RunTime:0.011635s ]
[ sql ] [ SQL ] SELECT * FROM `cate`  [ RunTime:0.000757s ]
[ sql ] [ DB ] CONNECT:[ UseTime:0.001697s ] mysql:dbname=myblog;host=127.0.0.1;charset=utf8
[ sql ] [ SQL ] SHOW COLUMNS FROM `friend` [ RunTime:0.014332s ]
[ sql ] [ SQL ] SELECT * FROM `friend`  [ RunTime:0.000790s ]
[ sql ] [ DB ] CONNECT:[ UseTime:0.002118s ] mysql:dbname=myblog;host=127.0.0.1;charset=utf8
[ sql ] [ SQL ] SHOW COLUMNS FROM `article` [ RunTime:0.013502s ]
[ sql ] [ SQL ] SELECT * FROM `article`  [ RunTime:0.001136s ]
[ sql ] [ DB ] CONNECT:[ UseTime:0.005897s ] mysql:dbname=myblog;host=127.0.0.1;charset=utf8
[ sql ] [ SQL ] SELECT COUNT(*) AS tp_count FROM `article` WHERE  `typeid` = 2 LIMIT 1    [ RunTime:0.000755s ]
[ sql ] [ SQL ] SELECT * FROM `article` WHERE  `typeid` = 2 LIMIT 0,2    [ RunTime:0.000788s ]

---------------------------------------------------------------
[ 2020-01-23T18:43:53+08:00 ] ::1 ::1 POST /myblog/public/index.php/index/login/login.html
[ log ] localhost/myblog/public/index.php/index/login/login.html [运行时间：0.142115s][吞吐率：7.04req/s] [内存消耗：2,167.73kb] [文件加载：51]
[ info ] [ ROUTE ] array (
  'type' => 'module',
  'module' => 
  array (
    0 => 'index',
    1 => 'login',
    2 => 'login',
  ),
)
[ info ] [ HEADER ] array (
  'host' => 'localhost',
  'user-agent' => 'Mozilla/5.0 (Windows NT 10.0; Win64; x64; rv:72.0) Gecko/20100101 Firefox/72.0',
  'accept' => 'text/html,application/xhtml+xml,application/xml;q=0.9,image/webp,*/*;q=0.8',
  'accept-language' => 'zh-CN,zh;q=0.8,zh-TW;q=0.7,zh-HK;q=0.5,en-US;q=0.3,en;q=0.2',
  'accept-encoding' => 'gzip, deflate',
  'origin' => 'http://localhost',
  'connection' => 'keep-alive',
  'referer' => 'http://localhost/myblog/public/index.php/index/cate/index/id/2.html',
  'cookie' => 'think_var=zh-cn; PHPSESSID=s5lcf9q7023glpdr6554ik9i34',
  'upgrade-insecure-requests' => '1',
  'content-type' => 'application/x-www-form-urlencoded',
  'content-length' => '29',
)
[ info ] [ PARAM ] array (
  'username' => 'lily',
  'password' => '123456',
)
[ info ] [ RUN ] Method [ <user> public method login ] {
  @@ E:\PHPTutorial\WWW\myblog\application\index\controller\Login.php 72 - 96
}

[ info ] [ DB ] INIT mysql
[ info ] [ SESSION ] INIT array (
  'id' => '',
  'var_session_id' => '',
  'prefix' => 'think',
  'type' => '',
  'auto_start' => true,
)
[ info ] [ VIEW ] E:\PHPTutorial\WWW\myblog\thinkphp\tpl\dispatch_jump.tpl [ array (
  0 => 'code',
  1 => 'msg',
  2 => 'data',
  3 => 'url',
  4 => 'wait',
) ]
[ info ] [ LOG ] INIT File
[ sql ] [ DB ] CONNECT:[ UseTime:0.003284s ] mysql:dbname=myblog;host=127.0.0.1;charset=utf8
[ sql ] [ SQL ] SHOW COLUMNS FROM `user` [ RunTime:0.014074s ]
[ sql ] [ SQL ] SELECT * FROM `user` WHERE  `username` = 'lily'  AND `password` = '123456' LIMIT 1     [ RunTime:0.000782s ]

---------------------------------------------------------------
[ 2020-01-23T18:43:56+08:00 ] ::1 ::1 GET /myblog/public/index.php/index/index/index.html
[ log ] localhost/myblog/public/index.php/index/index/index.html [运行时间：0.140812s][吞吐率：7.10req/s] [内存消耗：2,369.77kb] [文件加载：54]
[ info ] [ ROUTE ] array (
  'type' => 'module',
  'module' => 
  array (
    0 => 'index',
    1 => 'index',
    2 => 'index',
  ),
)
[ info ] [ HEADER ] array (
  'host' => 'localhost',
  'user-agent' => 'Mozilla/5.0 (Windows NT 10.0; Win64; x64; rv:72.0) Gecko/20100101 Firefox/72.0',
  'accept' => 'text/html,application/xhtml+xml,application/xml;q=0.9,image/webp,*/*;q=0.8',
  'accept-language' => 'zh-CN,zh;q=0.8,zh-TW;q=0.7,zh-HK;q=0.5,en-US;q=0.3,en;q=0.2',
  'accept-encoding' => 'gzip, deflate',
  'connection' => 'keep-alive',
  'referer' => 'http://localhost/myblog/public/index.php/index/login/login.html',
  'cookie' => 'think_var=zh-cn; PHPSESSID=s5lcf9q7023glpdr6554ik9i34',
  'upgrade-insecure-requests' => '1',
)
[ info ] [ PARAM ] array (
)
[ info ] [ RUN ] Method [ <user> public method index ] {
  @@ E:\PHPTutorial\WWW\myblog\application\index\controller\Index.php 6 - 21
}

[ info ] [ DB ] INIT mysql
[ info ] [ DB ] INIT mysql
[ info ] [ DB ] INIT mysql
[ info ] [ DB ] INIT mysql
[ info ] [ VIEW ] E:\PHPTutorial\WWW\myblog\public/../application/index\view\index\index.html [ array (
  0 => 'cates',
  1 => 'friends',
  2 => 'articles',
  3 => 'articless',
) ]
[ info ] [ SESSION ] INIT array (
  'id' => '',
  'var_session_id' => '',
  'prefix' => 'think',
  'type' => '',
  'auto_start' => true,
)
[ info ] [ LOG ] INIT File
[ sql ] [ DB ] CONNECT:[ UseTime:0.002400s ] mysql:dbname=myblog;host=127.0.0.1;charset=utf8
[ sql ] [ SQL ] SHOW COLUMNS FROM `cate` [ RunTime:0.011543s ]
[ sql ] [ SQL ] SELECT * FROM `cate`  [ RunTime:0.000875s ]
[ sql ] [ DB ] CONNECT:[ UseTime:0.001496s ] mysql:dbname=myblog;host=127.0.0.1;charset=utf8
[ sql ] [ SQL ] SHOW COLUMNS FROM `friend` [ RunTime:0.012384s ]
[ sql ] [ SQL ] SELECT * FROM `friend`  [ RunTime:0.001156s ]
[ sql ] [ DB ] CONNECT:[ UseTime:0.001543s ] mysql:dbname=myblog;host=127.0.0.1;charset=utf8
[ sql ] [ SQL ] SHOW COLUMNS FROM `article` [ RunTime:0.013184s ]
[ sql ] [ SQL ] SELECT * FROM `article`  [ RunTime:0.000986s ]
[ sql ] [ DB ] CONNECT:[ UseTime:0.001930s ] mysql:dbname=myblog;host=127.0.0.1;charset=utf8
[ sql ] [ SQL ] SELECT COUNT(*) AS tp_count FROM `article` LIMIT 1   [ RunTime:0.000864s ]
[ sql ] [ SQL ] SELECT * FROM `article` LIMIT 0,3   [ RunTime:0.000820s ]

---------------------------------------------------------------
[ 2020-01-23T18:44:08+08:00 ] ::1 ::1 GET /myblog/public/index.php/index/login/logout.html
[ log ] localhost/myblog/public/index.php/index/login/logout.html [运行时间：0.076656s][吞吐率：13.05req/s] [内存消耗：1,554.96kb] [文件加载：44]
[ info ] [ ROUTE ] array (
  'type' => 'module',
  'module' => 
  array (
    0 => 'index',
    1 => 'login',
    2 => 'logout',
  ),
)
[ info ] [ HEADER ] array (
  'host' => 'localhost',
  'user-agent' => 'Mozilla/5.0 (Windows NT 10.0; Win64; x64; rv:72.0) Gecko/20100101 Firefox/72.0',
  'accept' => 'text/html,application/xhtml+xml,application/xml;q=0.9,image/webp,*/*;q=0.8',
  'accept-language' => 'zh-CN,zh;q=0.8,zh-TW;q=0.7,zh-HK;q=0.5,en-US;q=0.3,en;q=0.2',
  'accept-encoding' => 'gzip, deflate',
  'connection' => 'keep-alive',
  'referer' => 'http://localhost/myblog/public/index.php/index/index/index.html',
  'cookie' => 'think_var=zh-cn; PHPSESSID=s5lcf9q7023glpdr6554ik9i34',
  'upgrade-insecure-requests' => '1',
)
[ info ] [ PARAM ] array (
)
[ info ] [ RUN ] Method [ <user> public method logout ] {
  @@ E:\PHPTutorial\WWW\myblog\application\index\controller\Login.php 99 - 106
}

[ info ] [ SESSION ] INIT array (
  'id' => '',
  'var_session_id' => '',
  'prefix' => 'think',
  'type' => '',
  'auto_start' => true,
)
[ info ] [ VIEW ] E:\PHPTutorial\WWW\myblog\thinkphp\tpl\dispatch_jump.tpl [ array (
  0 => 'code',
  1 => 'msg',
  2 => 'data',
  3 => 'url',
  4 => 'wait',
) ]
[ info ] [ LOG ] INIT File

---------------------------------------------------------------
[ 2020-01-23T18:44:11+08:00 ] ::1 ::1 GET /myblog/public/index.php/index/index/index.html
[ log ] localhost/myblog/public/index.php/index/index/index.html [运行时间：0.163415s][吞吐率：6.12req/s] [内存消耗：2,369.31kb] [文件加载：54]
[ info ] [ ROUTE ] array (
  'type' => 'module',
  'module' => 
  array (
    0 => 'index',
    1 => 'index',
    2 => 'index',
  ),
)
[ info ] [ HEADER ] array (
  'host' => 'localhost',
  'user-agent' => 'Mozilla/5.0 (Windows NT 10.0; Win64; x64; rv:72.0) Gecko/20100101 Firefox/72.0',
  'accept' => 'text/html,application/xhtml+xml,application/xml;q=0.9,image/webp,*/*;q=0.8',
  'accept-language' => 'zh-CN,zh;q=0.8,zh-TW;q=0.7,zh-HK;q=0.5,en-US;q=0.3,en;q=0.2',
  'accept-encoding' => 'gzip, deflate',
  'connection' => 'keep-alive',
  'referer' => 'http://localhost/myblog/public/index.php/index/login/logout.html',
  'cookie' => 'think_var=zh-cn; PHPSESSID=s5lcf9q7023glpdr6554ik9i34',
  'upgrade-insecure-requests' => '1',
)
[ info ] [ PARAM ] array (
)
[ info ] [ RUN ] Method [ <user> public method index ] {
  @@ E:\PHPTutorial\WWW\myblog\application\index\controller\Index.php 6 - 21
}

[ info ] [ DB ] INIT mysql
[ info ] [ DB ] INIT mysql
[ info ] [ DB ] INIT mysql
[ info ] [ DB ] INIT mysql
[ info ] [ VIEW ] E:\PHPTutorial\WWW\myblog\public/../application/index\view\index\index.html [ array (
  0 => 'cates',
  1 => 'friends',
  2 => 'articles',
  3 => 'articless',
) ]
[ info ] [ SESSION ] INIT array (
  'id' => '',
  'var_session_id' => '',
  'prefix' => 'think',
  'type' => '',
  'auto_start' => true,
)
[ info ] [ LOG ] INIT File
[ sql ] [ DB ] CONNECT:[ UseTime:0.001537s ] mysql:dbname=myblog;host=127.0.0.1;charset=utf8
[ sql ] [ SQL ] SHOW COLUMNS FROM `cate` [ RunTime:0.038729s ]
[ sql ] [ SQL ] SELECT * FROM `cate`  [ RunTime:0.001569s ]
[ sql ] [ DB ] CONNECT:[ UseTime:0.001590s ] mysql:dbname=myblog;host=127.0.0.1;charset=utf8
[ sql ] [ SQL ] SHOW COLUMNS FROM `friend` [ RunTime:0.011421s ]
[ sql ] [ SQL ] SELECT * FROM `friend`  [ RunTime:0.000796s ]
[ sql ] [ DB ] CONNECT:[ UseTime:0.001469s ] mysql:dbname=myblog;host=127.0.0.1;charset=utf8
[ sql ] [ SQL ] SHOW COLUMNS FROM `article` [ RunTime:0.011801s ]
[ sql ] [ SQL ] SELECT * FROM `article`  [ RunTime:0.001267s ]
[ sql ] [ DB ] CONNECT:[ UseTime:0.001454s ] mysql:dbname=myblog;host=127.0.0.1;charset=utf8
[ sql ] [ SQL ] SELECT COUNT(*) AS tp_count FROM `article` LIMIT 1   [ RunTime:0.000503s ]
[ sql ] [ SQL ] SELECT * FROM `article` LIMIT 0,3   [ RunTime:0.000745s ]

---------------------------------------------------------------
