[ 2020-01-24T10:43:11+08:00 ] ::1 ::1 GET /myblog/public/index.php
[ log ] localhost/myblog/public/index.php [运行时间：3.775933s][吞吐率：0.26req/s] [内存消耗：2,369.20kb] [文件加载：54]
[ info ] [ ROUTE ] array (
  'type' => 'module',
  'module' => 
  array (
    0 => '',
    1 => NULL,
    2 => NULL,
  ),
)
[ info ] [ HEADER ] array (
  'host' => 'localhost',
  'user-agent' => 'Mozilla/5.0 (Windows NT 10.0; Win64; x64; rv:72.0) Gecko/20100101 Firefox/72.0',
  'accept' => 'text/html,application/xhtml+xml,application/xml;q=0.9,image/webp,*/*;q=0.8',
  'accept-language' => 'zh-CN,zh;q=0.8,zh-TW;q=0.7,zh-HK;q=0.5,en-US;q=0.3,en;q=0.2',
  'accept-encoding' => 'gzip, deflate',
  'connection' => 'keep-alive',
  'upgrade-insecure-requests' => '1',
)
[ info ] [ PARAM ] array (
)
[ info ] [ RUN ] Method [ <user> public method index ] {
  @@ E:\PHPTutorial\WWW\myblog\application\index\controller\Index.php 6 - 21
}

[ info ] [ DB ] INIT mysql
[ info ] [ DB ] INIT mysql
[ info ] [ DB ] INIT mysql
[ info ] [ DB ] INIT mysql
[ info ] [ VIEW ] E:\PHPTutorial\WWW\myblog\public/../application/index\view\index\index.html [ array (
  0 => 'cates',
  1 => 'friends',
  2 => 'articles',
  3 => 'articless',
) ]
[ info ] [ SESSION ] INIT array (
  'id' => '',
  'var_session_id' => '',
  'prefix' => 'think',
  'type' => '',
  'auto_start' => true,
)
[ info ] [ LOG ] INIT File
[ sql ] [ DB ] CONNECT:[ UseTime:0.017192s ] mysql:dbname=myblog;host=127.0.0.1;charset=utf8
[ sql ] [ SQL ] SHOW COLUMNS FROM `cate` [ RunTime:0.036922s ]
[ sql ] [ SQL ] SELECT * FROM `cate`  [ RunTime:0.000697s ]
[ sql ] [ DB ] CONNECT:[ UseTime:0.001753s ] mysql:dbname=myblog;host=127.0.0.1;charset=utf8
[ sql ] [ SQL ] SHOW COLUMNS FROM `friend` [ RunTime:0.009735s ]
[ sql ] [ SQL ] SELECT * FROM `friend`  [ RunTime:0.000773s ]
[ sql ] [ DB ] CONNECT:[ UseTime:0.002213s ] mysql:dbname=myblog;host=127.0.0.1;charset=utf8
[ sql ] [ SQL ] SHOW COLUMNS FROM `article` [ RunTime:0.010420s ]
[ sql ] [ SQL ] SELECT * FROM `article`  [ RunTime:0.000731s ]
[ sql ] [ DB ] CONNECT:[ UseTime:0.001522s ] mysql:dbname=myblog;host=127.0.0.1;charset=utf8
[ sql ] [ SQL ] SELECT COUNT(*) AS tp_count FROM `article` LIMIT 1   [ RunTime:0.000797s ]
[ sql ] [ SQL ] SELECT * FROM `article` LIMIT 0,3   [ RunTime:0.001823s ]

---------------------------------------------------------------
