[ 2019-06-10T20:44:33+08:00 ] ::1 ::1 GET /myblog/public/index.php
[ log ] localhost/myblog/public/index.php [运行时间：1.430983s][吞吐率：0.70req/s] [内存消耗：2,104.03kb] [文件加载：51]
[ info ] [ ROUTE ] array (
  'type' => 'module',
  'module' => 
  array (
    0 => '',
    1 => NULL,
    2 => NULL,
  ),
)
[ info ] [ HEADER ] array (
  'host' => 'localhost',
  'user-agent' => 'Mozilla/5.0 (Windows NT 10.0; Win64; x64; rv:67.0) Gecko/20100101 Firefox/67.0',
  'accept' => 'text/html,application/xhtml+xml,application/xml;q=0.9,*/*;q=0.8',
  'accept-language' => 'zh-CN,zh;q=0.8,zh-TW;q=0.7,zh-HK;q=0.5,en-US;q=0.3,en;q=0.2',
  'accept-encoding' => 'gzip, deflate',
  'connection' => 'keep-alive',
  'upgrade-insecure-requests' => '1',
)
[ info ] [ PARAM ] array (
)
[ info ] [ RUN ] Method [ <user> public method index ] {
  @@ E:\PHPTutorial\WWW\myblog\application\index\controller\Index.php 6 - 21
}

[ info ] [ DB ] INIT mysql
[ info ] [ LANG ] E:\PHPTutorial\WWW\myblog\thinkphp\lang\zh-cn.php
[ info ] [ LANG ] E:\PHPTutorial\WWW\myblog\thinkphp\lang\zh-cn.php
[ info ] [ LOG ] INIT File
[ error ] [1049]SQLSTATE[HY000] [1049] Unknown database 'myblog'[E:\PHPTutorial\WWW\myblog\thinkphp\library\think\db\Connection.php:277]

---------------------------------------------------------------
