[ 2020-03-04T14:45:07+08:00 ] ::1 ::1 GET /myblog/public/index.php
[ log ] localhost/myblog/public/index.php [运行时间：1.394080s][吞吐率：0.72req/s] [内存消耗：2,622.79kb] [文件加载：54]
[ info ] [ ROUTE ] array (
  'type' => 'module',
  'module' => 
  array (
    0 => '',
    1 => NULL,
    2 => NULL,
  ),
)
[ info ] [ HEADER ] array (
  'accept' => 'text/html, application/xhtml+xml, */*',
  'accept-language' => 'zh-CN',
  'user-agent' => 'Mozilla/5.0 (Windows NT 6.1; WOW64; Trident/7.0; rv:11.0) like Gecko',
  'accept-encoding' => 'gzip, deflate',
  'host' => 'localhost',
  'dnt' => '1',
  'connection' => 'Keep-Alive',
)
[ info ] [ PARAM ] array (
)
[ info ] [ RUN ] Method [ <user> public method index ] {
  @@ D:\phpStudy\PHPTutorial\WWW\myblog\application\index\controller\Index.php 6 - 21
}

[ info ] [ DB ] INIT mysql
[ info ] [ DB ] INIT mysql
[ info ] [ DB ] INIT mysql
[ info ] [ DB ] INIT mysql
[ info ] [ VIEW ] D:\phpStudy\PHPTutorial\WWW\myblog\public/../application/index\view\index\index.html [ array (
  0 => 'cates',
  1 => 'friends',
  2 => 'articles',
  3 => 'articless',
) ]
[ info ] [ SESSION ] INIT array (
  'id' => '',
  'var_session_id' => '',
  'prefix' => 'think',
  'type' => '',
  'auto_start' => true,
)
[ info ] [ LOG ] INIT File
[ sql ] [ DB ] CONNECT:[ UseTime:0.003001s ] mysql:dbname=myblog;host=127.0.0.1;charset=utf8
[ sql ] [ SQL ] SHOW COLUMNS FROM `cate` [ RunTime:0.525030s ]
[ sql ] [ SQL ] SELECT * FROM `cate`  [ RunTime:0.001000s ]
[ sql ] [ DB ] CONNECT:[ UseTime:0.003000s ] mysql:dbname=myblog;host=127.0.0.1;charset=utf8
[ sql ] [ SQL ] SHOW COLUMNS FROM `friend` [ RunTime:0.057003s ]
[ sql ] [ SQL ] SELECT * FROM `friend`  [ RunTime:0.000000s ]
[ sql ] [ DB ] CONNECT:[ UseTime:0.010001s ] mysql:dbname=myblog;host=127.0.0.1;charset=utf8
[ sql ] [ SQL ] SHOW COLUMNS FROM `article` [ RunTime:0.373021s ]
[ sql ] [ SQL ] SELECT * FROM `article` LIMIT 10   [ RunTime:0.095006s ]
[ sql ] [ DB ] CONNECT:[ UseTime:0.010001s ] mysql:dbname=myblog;host=127.0.0.1;charset=utf8
[ sql ] [ SQL ] SELECT COUNT(*) AS tp_count FROM `article` LIMIT 1   [ RunTime:0.001000s ]
[ sql ] [ SQL ] SELECT * FROM `article` LIMIT 0,3   [ RunTime:0.001000s ]

---------------------------------------------------------------
