[ 2020-03-05T22:25:04+08:00 ] ::1 ::1 GET /myblog/public/index.php
[ log ] localhost/myblog/public/index.php [运行时间：1.444083s][吞吐率：0.69req/s] [内存消耗：2,622.91kb] [文件加载：54]
[ info ] [ ROUTE ] array (
  'type' => 'module',
  'module' => 
  array (
    0 => '',
    1 => NULL,
    2 => NULL,
  ),
)
[ info ] [ HEADER ] array (
  'host' => 'localhost',
  'connection' => 'keep-alive',
  'upgrade-insecure-requests' => '1',
  'user-agent' => 'Mozilla/5.0 (Windows NT 6.1; WOW64) AppleWebKit/537.36 (KHTML, like Gecko) Chrome/75.0.3770.100 Safari/537.36',
  'accept' => 'text/html,application/xhtml+xml,application/xml;q=0.9,image/webp,image/apng,*/*;q=0.8,application/signed-exchange;v=b3',
  'accept-encoding' => 'gzip, deflate, br',
  'accept-language' => 'zh-CN,zh;q=0.9',
)
[ info ] [ PARAM ] array (
)
[ info ] [ RUN ] Method [ <user> public method index ] {
  @@ D:\phpStudy\PHPTutorial\WWW\myblog\application\index\controller\Index.php 6 - 21
}

[ info ] [ DB ] INIT mysql
[ info ] [ DB ] INIT mysql
[ info ] [ DB ] INIT mysql
[ info ] [ DB ] INIT mysql
[ info ] [ VIEW ] D:\phpStudy\PHPTutorial\WWW\myblog\public/../application/index\view\index\index.html [ array (
  0 => 'cates',
  1 => 'friends',
  2 => 'articles',
  3 => 'articless',
) ]
[ info ] [ SESSION ] INIT array (
  'id' => '',
  'var_session_id' => '',
  'prefix' => 'think',
  'type' => '',
  'auto_start' => true,
)
[ info ] [ LOG ] INIT File
[ sql ] [ DB ] CONNECT:[ UseTime:0.110007s ] mysql:dbname=myblog;host=127.0.0.1;charset=utf8
[ sql ] [ SQL ] SHOW COLUMNS FROM `cate` [ RunTime:0.358021s ]
[ sql ] [ SQL ] SELECT * FROM `cate`  [ RunTime:0.009000s ]
[ sql ] [ DB ] CONNECT:[ UseTime:0.010001s ] mysql:dbname=myblog;host=127.0.0.1;charset=utf8
[ sql ] [ SQL ] SHOW COLUMNS FROM `friend` [ RunTime:0.033002s ]
[ sql ] [ SQL ] SELECT * FROM `friend`  [ RunTime:0.000000s ]
[ sql ] [ DB ] CONNECT:[ UseTime:0.002000s ] mysql:dbname=myblog;host=127.0.0.1;charset=utf8
[ sql ] [ SQL ] SHOW COLUMNS FROM `article` [ RunTime:0.072004s ]
[ sql ] [ SQL ] SELECT * FROM `article` LIMIT 10   [ RunTime:0.030002s ]
[ sql ] [ DB ] CONNECT:[ UseTime:0.001000s ] mysql:dbname=myblog;host=127.0.0.1;charset=utf8
[ sql ] [ SQL ] SELECT COUNT(*) AS tp_count FROM `article` LIMIT 1   [ RunTime:0.031001s ]
[ sql ] [ SQL ] SELECT * FROM `article` LIMIT 0,3   [ RunTime:0.001000s ]

---------------------------------------------------------------
[ 2020-03-05T22:25:49+08:00 ] ::1 ::1 POST /myblog/public/index.php/index/login/add.html
[ log ] localhost/myblog/public/index.php/index/login/add.html [运行时间：0.402023s][吞吐率：2.49req/s] [内存消耗：2,148.46kb] [文件加载：50]
[ info ] [ ROUTE ] array (
  'type' => 'module',
  'module' => 
  array (
    0 => 'index',
    1 => 'login',
    2 => 'add',
  ),
)
[ info ] [ HEADER ] array (
  'host' => 'localhost',
  'connection' => 'keep-alive',
  'cache-control' => 'max-age=0',
  'origin' => 'http://localhost',
  'upgrade-insecure-requests' => '1',
  'user-agent' => 'Mozilla/5.0 (Windows NT 6.1; WOW64) AppleWebKit/537.36 (KHTML, like Gecko) Chrome/75.0.3770.100 Safari/537.36',
  'accept' => 'text/html,application/xhtml+xml,application/xml;q=0.9,image/webp,image/apng,*/*;q=0.8,application/signed-exchange;v=b3',
  'referer' => 'http://localhost/myblog/public/index.php',
  'accept-encoding' => 'gzip, deflate, br',
  'accept-language' => 'zh-CN,zh;q=0.9',
  'cookie' => 'PHPSESSID=uo283stpmgh4shlm6uclathu87',
  'content-type' => 'multipart/form-data; boundary=----WebKitFormBoundaryoCKdSjG46dx2TmbR',
  'content-length' => '478',
)
[ info ] [ PARAM ] array (
  'username' => 'yu',
  'password' => 'yuyu',
  'nickname' => '',
)
[ info ] [ RUN ] Method [ <user> public method add ] {
  @@ D:\phpStudy\PHPTutorial\WWW\myblog\application\index\controller\Login.php 6 - 67
}

[ info ] [ DB ] INIT mysql
[ info ] [ DB ] INIT mysql
[ info ] [ VIEW ] D:\phpStudy\PHPTutorial\WWW\myblog\thinkphp\tpl\dispatch_jump.tpl [ array (
  0 => 'code',
  1 => 'msg',
  2 => 'data',
  3 => 'url',
  4 => 'wait',
) ]
[ info ] [ LOG ] INIT File
[ sql ] [ DB ] CONNECT:[ UseTime:0.001000s ] mysql:dbname=myblog;host=127.0.0.1;charset=utf8
[ sql ] [ SQL ] SHOW COLUMNS FROM `user` [ RunTime:0.150009s ]
[ sql ] [ SQL ] SELECT * FROM `user` WHERE  `username` = 'yu' LIMIT 1    [ RunTime:0.025001s ]
[ sql ] [ DB ] CONNECT:[ UseTime:0.002000s ] mysql:dbname=myblog;host=127.0.0.1;charset=utf8
[ sql ] [ SQL ] INSERT INTO `user` (`username` , `password` , `time` , `nickname`) VALUES ('yu' , 'yuyu' , 1583418349 , '')      [ RunTime:0.080005s ]

---------------------------------------------------------------
[ 2020-03-05T22:25:52+08:00 ] ::1 ::1 GET /myblog/public/index.php/index/index/index.html
[ log ] localhost/myblog/public/index.php/index/index/index.html [运行时间：0.159009s][吞吐率：6.29req/s] [内存消耗：2,623.30kb] [文件加载：54]
[ info ] [ ROUTE ] array (
  'type' => 'module',
  'module' => 
  array (
    0 => 'index',
    1 => 'index',
    2 => 'index',
  ),
)
[ info ] [ HEADER ] array (
  'host' => 'localhost',
  'connection' => 'keep-alive',
  'upgrade-insecure-requests' => '1',
  'user-agent' => 'Mozilla/5.0 (Windows NT 6.1; WOW64) AppleWebKit/537.36 (KHTML, like Gecko) Chrome/75.0.3770.100 Safari/537.36',
  'accept' => 'text/html,application/xhtml+xml,application/xml;q=0.9,image/webp,image/apng,*/*;q=0.8,application/signed-exchange;v=b3',
  'referer' => 'http://localhost/myblog/public/index.php/index/login/add.html',
  'accept-encoding' => 'gzip, deflate, br',
  'accept-language' => 'zh-CN,zh;q=0.9',
  'cookie' => 'PHPSESSID=uo283stpmgh4shlm6uclathu87',
)
[ info ] [ PARAM ] array (
)
[ info ] [ RUN ] Method [ <user> public method index ] {
  @@ D:\phpStudy\PHPTutorial\WWW\myblog\application\index\controller\Index.php 6 - 21
}

[ info ] [ DB ] INIT mysql
[ info ] [ DB ] INIT mysql
[ info ] [ DB ] INIT mysql
[ info ] [ DB ] INIT mysql
[ info ] [ VIEW ] D:\phpStudy\PHPTutorial\WWW\myblog\public/../application/index\view\index\index.html [ array (
  0 => 'cates',
  1 => 'friends',
  2 => 'articles',
  3 => 'articless',
) ]
[ info ] [ SESSION ] INIT array (
  'id' => '',
  'var_session_id' => '',
  'prefix' => 'think',
  'type' => '',
  'auto_start' => true,
)
[ info ] [ LOG ] INIT File
[ sql ] [ DB ] CONNECT:[ UseTime:0.002000s ] mysql:dbname=myblog;host=127.0.0.1;charset=utf8
[ sql ] [ SQL ] SHOW COLUMNS FROM `cate` [ RunTime:0.023002s ]
[ sql ] [ SQL ] SELECT * FROM `cate`  [ RunTime:0.000000s ]
[ sql ] [ DB ] CONNECT:[ UseTime:0.011000s ] mysql:dbname=myblog;host=127.0.0.1;charset=utf8
[ sql ] [ SQL ] SHOW COLUMNS FROM `friend` [ RunTime:0.012001s ]
[ sql ] [ SQL ] SELECT * FROM `friend`  [ RunTime:0.001000s ]
[ sql ] [ DB ] CONNECT:[ UseTime:0.010001s ] mysql:dbname=myblog;host=127.0.0.1;charset=utf8
[ sql ] [ SQL ] SHOW COLUMNS FROM `article` [ RunTime:0.012000s ]
[ sql ] [ SQL ] SELECT * FROM `article` LIMIT 10   [ RunTime:0.002000s ]
[ sql ] [ DB ] CONNECT:[ UseTime:0.010000s ] mysql:dbname=myblog;host=127.0.0.1;charset=utf8
[ sql ] [ SQL ] SELECT COUNT(*) AS tp_count FROM `article` LIMIT 1   [ RunTime:0.001000s ]
[ sql ] [ SQL ] SELECT * FROM `article` LIMIT 0,3   [ RunTime:0.001000s ]

---------------------------------------------------------------
[ 2020-03-05T22:26:00+08:00 ] ::1 ::1 POST /myblog/public/index.php/index/login/login.html
[ log ] localhost/myblog/public/index.php/index/login/login.html [运行时间：0.085004s][吞吐率：11.76req/s] [内存消耗：2,125.33kb] [文件加载：50]
[ info ] [ ROUTE ] array (
  'type' => 'module',
  'module' => 
  array (
    0 => 'index',
    1 => 'login',
    2 => 'login',
  ),
)
[ info ] [ HEADER ] array (
  'host' => 'localhost',
  'connection' => 'keep-alive',
  'cache-control' => 'max-age=0',
  'origin' => 'http://localhost',
  'upgrade-insecure-requests' => '1',
  'user-agent' => 'Mozilla/5.0 (Windows NT 6.1; WOW64) AppleWebKit/537.36 (KHTML, like Gecko) Chrome/75.0.3770.100 Safari/537.36',
  'accept' => 'text/html,application/xhtml+xml,application/xml;q=0.9,image/webp,image/apng,*/*;q=0.8,application/signed-exchange;v=b3',
  'referer' => 'http://localhost/myblog/public/index.php/index/index/index.html',
  'accept-encoding' => 'gzip, deflate, br',
  'accept-language' => 'zh-CN,zh;q=0.9',
  'cookie' => 'PHPSESSID=uo283stpmgh4shlm6uclathu87',
  'content-type' => 'application/x-www-form-urlencoded',
  'content-length' => '23',
)
[ info ] [ PARAM ] array (
  'username' => 'yu',
  'password' => 'yu',
)
[ info ] [ RUN ] Method [ <user> public method login ] {
  @@ D:\phpStudy\PHPTutorial\WWW\myblog\application\index\controller\Login.php 72 - 96
}

[ info ] [ DB ] INIT mysql
[ info ] [ SESSION ] INIT array (
  'id' => '',
  'var_session_id' => '',
  'prefix' => 'think',
  'type' => '',
  'auto_start' => true,
)
[ info ] [ VIEW ] D:\phpStudy\PHPTutorial\WWW\myblog\thinkphp\tpl\dispatch_jump.tpl [ array (
  0 => 'code',
  1 => 'msg',
  2 => 'data',
  3 => 'url',
  4 => 'wait',
) ]
[ info ] [ LOG ] INIT File
[ sql ] [ DB ] CONNECT:[ UseTime:0.001000s ] mysql:dbname=myblog;host=127.0.0.1;charset=utf8
[ sql ] [ SQL ] SHOW COLUMNS FROM `user` [ RunTime:0.015001s ]
[ sql ] [ SQL ] SELECT * FROM `user` WHERE  `username` = 'yu'  AND `password` = 'yu' LIMIT 1     [ RunTime:0.001000s ]

---------------------------------------------------------------
[ 2020-03-05T22:26:03+08:00 ] ::1 ::1 GET /myblog/public/index.php/index/index/index.html
[ log ] localhost/myblog/public/index.php/index/index/index.html [运行时间：0.112006s][吞吐率：8.93req/s] [内存消耗：2,623.30kb] [文件加载：54]
[ info ] [ ROUTE ] array (
  'type' => 'module',
  'module' => 
  array (
    0 => 'index',
    1 => 'index',
    2 => 'index',
  ),
)
[ info ] [ HEADER ] array (
  'host' => 'localhost',
  'connection' => 'keep-alive',
  'upgrade-insecure-requests' => '1',
  'user-agent' => 'Mozilla/5.0 (Windows NT 6.1; WOW64) AppleWebKit/537.36 (KHTML, like Gecko) Chrome/75.0.3770.100 Safari/537.36',
  'accept' => 'text/html,application/xhtml+xml,application/xml;q=0.9,image/webp,image/apng,*/*;q=0.8,application/signed-exchange;v=b3',
  'referer' => 'http://localhost/myblog/public/index.php/index/login/add.html',
  'accept-encoding' => 'gzip, deflate, br',
  'accept-language' => 'zh-CN,zh;q=0.9',
  'cookie' => 'PHPSESSID=uo283stpmgh4shlm6uclathu87',
)
[ info ] [ PARAM ] array (
)
[ info ] [ RUN ] Method [ <user> public method index ] {
  @@ D:\phpStudy\PHPTutorial\WWW\myblog\application\index\controller\Index.php 6 - 21
}

[ info ] [ DB ] INIT mysql
[ info ] [ DB ] INIT mysql
[ info ] [ DB ] INIT mysql
[ info ] [ DB ] INIT mysql
[ info ] [ VIEW ] D:\phpStudy\PHPTutorial\WWW\myblog\public/../application/index\view\index\index.html [ array (
  0 => 'cates',
  1 => 'friends',
  2 => 'articles',
  3 => 'articless',
) ]
[ info ] [ SESSION ] INIT array (
  'id' => '',
  'var_session_id' => '',
  'prefix' => 'think',
  'type' => '',
  'auto_start' => true,
)
[ info ] [ LOG ] INIT File
[ sql ] [ DB ] CONNECT:[ UseTime:0.002000s ] mysql:dbname=myblog;host=127.0.0.1;charset=utf8
[ sql ] [ SQL ] SHOW COLUMNS FROM `cate` [ RunTime:0.010001s ]
[ sql ] [ SQL ] SELECT * FROM `cate`  [ RunTime:0.000000s ]
[ sql ] [ DB ] CONNECT:[ UseTime:0.001000s ] mysql:dbname=myblog;host=127.0.0.1;charset=utf8
[ sql ] [ SQL ] SHOW COLUMNS FROM `friend` [ RunTime:0.011001s ]
[ sql ] [ SQL ] SELECT * FROM `friend`  [ RunTime:0.001000s ]
[ sql ] [ DB ] CONNECT:[ UseTime:0.001000s ] mysql:dbname=myblog;host=127.0.0.1;charset=utf8
[ sql ] [ SQL ] SHOW COLUMNS FROM `article` [ RunTime:0.012000s ]
[ sql ] [ SQL ] SELECT * FROM `article` LIMIT 10   [ RunTime:0.001000s ]
[ sql ] [ DB ] CONNECT:[ UseTime:0.001000s ] mysql:dbname=myblog;host=127.0.0.1;charset=utf8
[ sql ] [ SQL ] SELECT COUNT(*) AS tp_count FROM `article` LIMIT 1   [ RunTime:0.001000s ]
[ sql ] [ SQL ] SELECT * FROM `article` LIMIT 0,3   [ RunTime:0.000000s ]

---------------------------------------------------------------
[ 2020-03-05T22:26:08+08:00 ] ::1 ::1 POST /myblog/public/index.php/index/login/login.html
[ log ] localhost/myblog/public/index.php/index/login/login.html [运行时间：0.076004s][吞吐率：13.16req/s] [内存消耗：2,174.80kb] [文件加载：51]
[ info ] [ ROUTE ] array (
  'type' => 'module',
  'module' => 
  array (
    0 => 'index',
    1 => 'login',
    2 => 'login',
  ),
)
[ info ] [ HEADER ] array (
  'host' => 'localhost',
  'connection' => 'keep-alive',
  'cache-control' => 'max-age=0',
  'origin' => 'http://localhost',
  'upgrade-insecure-requests' => '1',
  'user-agent' => 'Mozilla/5.0 (Windows NT 6.1; WOW64) AppleWebKit/537.36 (KHTML, like Gecko) Chrome/75.0.3770.100 Safari/537.36',
  'accept' => 'text/html,application/xhtml+xml,application/xml;q=0.9,image/webp,image/apng,*/*;q=0.8,application/signed-exchange;v=b3',
  'referer' => 'http://localhost/myblog/public/index.php/index/index/index.html',
  'accept-encoding' => 'gzip, deflate, br',
  'accept-language' => 'zh-CN,zh;q=0.9',
  'cookie' => 'PHPSESSID=uo283stpmgh4shlm6uclathu87',
  'content-type' => 'application/x-www-form-urlencoded',
  'content-length' => '25',
)
[ info ] [ PARAM ] array (
  'username' => 'yu',
  'password' => 'yuyu',
)
[ info ] [ RUN ] Method [ <user> public method login ] {
  @@ D:\phpStudy\PHPTutorial\WWW\myblog\application\index\controller\Login.php 72 - 96
}

[ info ] [ DB ] INIT mysql
[ info ] [ SESSION ] INIT array (
  'id' => '',
  'var_session_id' => '',
  'prefix' => 'think',
  'type' => '',
  'auto_start' => true,
)
[ info ] [ VIEW ] D:\phpStudy\PHPTutorial\WWW\myblog\thinkphp\tpl\dispatch_jump.tpl [ array (
  0 => 'code',
  1 => 'msg',
  2 => 'data',
  3 => 'url',
  4 => 'wait',
) ]
[ info ] [ LOG ] INIT File
[ sql ] [ DB ] CONNECT:[ UseTime:0.001000s ] mysql:dbname=myblog;host=127.0.0.1;charset=utf8
[ sql ] [ SQL ] SHOW COLUMNS FROM `user` [ RunTime:0.013001s ]
[ sql ] [ SQL ] SELECT * FROM `user` WHERE  `username` = 'yu'  AND `password` = 'yuyu' LIMIT 1     [ RunTime:0.001000s ]

---------------------------------------------------------------
[ 2020-03-05T22:26:11+08:00 ] ::1 ::1 GET /myblog/public/index.php/index/index/index.html
[ log ] localhost/myblog/public/index.php/index/index/index.html [运行时间：0.128007s][吞吐率：7.81req/s] [内存消耗：2,623.71kb] [文件加载：54]
[ info ] [ ROUTE ] array (
  'type' => 'module',
  'module' => 
  array (
    0 => 'index',
    1 => 'index',
    2 => 'index',
  ),
)
[ info ] [ HEADER ] array (
  'host' => 'localhost',
  'connection' => 'keep-alive',
  'upgrade-insecure-requests' => '1',
  'user-agent' => 'Mozilla/5.0 (Windows NT 6.1; WOW64) AppleWebKit/537.36 (KHTML, like Gecko) Chrome/75.0.3770.100 Safari/537.36',
  'accept' => 'text/html,application/xhtml+xml,application/xml;q=0.9,image/webp,image/apng,*/*;q=0.8,application/signed-exchange;v=b3',
  'referer' => 'http://localhost/myblog/public/index.php/index/login/login.html',
  'accept-encoding' => 'gzip, deflate, br',
  'accept-language' => 'zh-CN,zh;q=0.9',
  'cookie' => 'PHPSESSID=uo283stpmgh4shlm6uclathu87',
)
[ info ] [ PARAM ] array (
)
[ info ] [ RUN ] Method [ <user> public method index ] {
  @@ D:\phpStudy\PHPTutorial\WWW\myblog\application\index\controller\Index.php 6 - 21
}

[ info ] [ DB ] INIT mysql
[ info ] [ DB ] INIT mysql
[ info ] [ DB ] INIT mysql
[ info ] [ DB ] INIT mysql
[ info ] [ VIEW ] D:\phpStudy\PHPTutorial\WWW\myblog\public/../application/index\view\index\index.html [ array (
  0 => 'cates',
  1 => 'friends',
  2 => 'articles',
  3 => 'articless',
) ]
[ info ] [ SESSION ] INIT array (
  'id' => '',
  'var_session_id' => '',
  'prefix' => 'think',
  'type' => '',
  'auto_start' => true,
)
[ info ] [ LOG ] INIT File
[ sql ] [ DB ] CONNECT:[ UseTime:0.010000s ] mysql:dbname=myblog;host=127.0.0.1;charset=utf8
[ sql ] [ SQL ] SHOW COLUMNS FROM `cate` [ RunTime:0.011001s ]
[ sql ] [ SQL ] SELECT * FROM `cate`  [ RunTime:0.000000s ]
[ sql ] [ DB ] CONNECT:[ UseTime:0.001000s ] mysql:dbname=myblog;host=127.0.0.1;charset=utf8
[ sql ] [ SQL ] SHOW COLUMNS FROM `friend` [ RunTime:0.010001s ]
[ sql ] [ SQL ] SELECT * FROM `friend`  [ RunTime:0.001000s ]
[ sql ] [ DB ] CONNECT:[ UseTime:0.001000s ] mysql:dbname=myblog;host=127.0.0.1;charset=utf8
[ sql ] [ SQL ] SHOW COLUMNS FROM `article` [ RunTime:0.011000s ]
[ sql ] [ SQL ] SELECT * FROM `article` LIMIT 10   [ RunTime:0.001000s ]
[ sql ] [ DB ] CONNECT:[ UseTime:0.001000s ] mysql:dbname=myblog;host=127.0.0.1;charset=utf8
[ sql ] [ SQL ] SELECT COUNT(*) AS tp_count FROM `article` LIMIT 1   [ RunTime:0.001000s ]
[ sql ] [ SQL ] SELECT * FROM `article` LIMIT 0,3   [ RunTime:0.001000s ]

---------------------------------------------------------------
[ 2020-03-05T22:32:22+08:00 ] ::1 ::1 GET /myblog/public/index.php/index/index/index.html/admin
[ log ] localhost/myblog/public/index.php/index/index/index.html/admin [运行时间：0.249015s][吞吐率：4.02req/s] [内存消耗：1,551.30kb] [文件加载：46]
[ info ] [ ROUTE ] array (
  'type' => 'module',
  'module' => 
  array (
    0 => 'index',
    1 => 'index',
    2 => 'index.html',
  ),
)
[ info ] [ HEADER ] array (
  'host' => 'localhost',
  'connection' => 'keep-alive',
  'upgrade-insecure-requests' => '1',
  'user-agent' => 'Mozilla/5.0 (Windows NT 6.1; WOW64) AppleWebKit/537.36 (KHTML, like Gecko) Chrome/75.0.3770.100 Safari/537.36',
  'accept' => 'text/html,application/xhtml+xml,application/xml;q=0.9,image/webp,image/apng,*/*;q=0.8,application/signed-exchange;v=b3',
  'accept-encoding' => 'gzip, deflate, br',
  'accept-language' => 'zh-CN,zh;q=0.9',
  'cookie' => 'PHPSESSID=uo283stpmgh4shlm6uclathu87',
)
[ info ] [ PARAM ] array (
)
[ info ] [ LANG ] D:\phpStudy\PHPTutorial\WWW\myblog\thinkphp\lang\zh-cn.php
[ info ] [ LOG ] INIT File

---------------------------------------------------------------
[ 2020-03-05T22:32:29+08:00 ] ::1 ::1 GET /myblog/public/index.php/admin
[ log ] localhost/myblog/public/index.php/admin [运行时间：0.274016s][吞吐率：3.65req/s] [内存消耗：1,548.64kb] [文件加载：44]
[ info ] [ ROUTE ] array (
  'type' => 'module',
  'module' => 
  array (
    0 => 'admin',
    1 => NULL,
    2 => NULL,
  ),
)
[ info ] [ HEADER ] array (
  'host' => 'localhost',
  'connection' => 'keep-alive',
  'upgrade-insecure-requests' => '1',
  'user-agent' => 'Mozilla/5.0 (Windows NT 6.1; WOW64) AppleWebKit/537.36 (KHTML, like Gecko) Chrome/75.0.3770.100 Safari/537.36',
  'accept' => 'text/html,application/xhtml+xml,application/xml;q=0.9,image/webp,image/apng,*/*;q=0.8,application/signed-exchange;v=b3',
  'accept-encoding' => 'gzip, deflate, br',
  'accept-language' => 'zh-CN,zh;q=0.9',
  'cookie' => 'PHPSESSID=uo283stpmgh4shlm6uclathu87; think_var=zh-cn',
)
[ info ] [ PARAM ] array (
)
[ info ] [ SESSION ] INIT array (
  'id' => '',
  'var_session_id' => '',
  'prefix' => 'think',
  'type' => '',
  'auto_start' => true,
)
[ info ] [ RUN ] Method [ <user> public method index ] {
  @@ D:\phpStudy\PHPTutorial\WWW\myblog\application\admin\controller\Index.php 11 - 14
}

[ info ] [ VIEW ] D:\phpStudy\PHPTutorial\WWW\myblog\public/../application/admin\view\index\index.html [ array (
) ]
[ info ] [ LOG ] INIT File

---------------------------------------------------------------
[ 2020-03-05T22:59:06+08:00 ] ::1 ::1 GET /myblog/public/index.php/index/index/index.html
[ log ] localhost/myblog/public/index.php/index/index/index.html [运行时间：0.172010s][吞吐率：5.81req/s] [内存消耗：2,623.66kb] [文件加载：54]
[ info ] [ ROUTE ] array (
  'type' => 'module',
  'module' => 
  array (
    0 => 'index',
    1 => 'index',
    2 => 'index',
  ),
)
[ info ] [ HEADER ] array (
  'host' => 'localhost',
  'connection' => 'keep-alive',
  'upgrade-insecure-requests' => '1',
  'user-agent' => 'Mozilla/5.0 (Windows NT 6.1; WOW64) AppleWebKit/537.36 (KHTML, like Gecko) Chrome/75.0.3770.100 Safari/537.36',
  'accept' => 'text/html,application/xhtml+xml,application/xml;q=0.9,image/webp,image/apng,*/*;q=0.8,application/signed-exchange;v=b3',
  'referer' => 'http://localhost/myblog/public/index.php/index/index/index.html',
  'accept-encoding' => 'gzip, deflate, br',
  'accept-language' => 'zh-CN,zh;q=0.9',
  'cookie' => 'PHPSESSID=uo283stpmgh4shlm6uclathu87; think_var=zh-cn',
)
[ info ] [ PARAM ] array (
)
[ info ] [ RUN ] Method [ <user> public method index ] {
  @@ D:\phpStudy\PHPTutorial\WWW\myblog\application\index\controller\Index.php 6 - 21
}

[ info ] [ DB ] INIT mysql
[ info ] [ DB ] INIT mysql
[ info ] [ DB ] INIT mysql
[ info ] [ DB ] INIT mysql
[ info ] [ VIEW ] D:\phpStudy\PHPTutorial\WWW\myblog\public/../application/index\view\index\index.html [ array (
  0 => 'cates',
  1 => 'friends',
  2 => 'articles',
  3 => 'articless',
) ]
[ info ] [ SESSION ] INIT array (
  'id' => '',
  'var_session_id' => '',
  'prefix' => 'think',
  'type' => '',
  'auto_start' => true,
)
[ info ] [ LOG ] INIT File
[ sql ] [ DB ] CONNECT:[ UseTime:0.011000s ] mysql:dbname=myblog;host=127.0.0.1;charset=utf8
[ sql ] [ SQL ] SHOW COLUMNS FROM `cate` [ RunTime:0.039002s ]
[ sql ] [ SQL ] SELECT * FROM `cate`  [ RunTime:0.001000s ]
[ sql ] [ DB ] CONNECT:[ UseTime:0.001000s ] mysql:dbname=myblog;host=127.0.0.1;charset=utf8
[ sql ] [ SQL ] SHOW COLUMNS FROM `friend` [ RunTime:0.014001s ]
[ sql ] [ SQL ] SELECT * FROM `friend`  [ RunTime:0.001000s ]
[ sql ] [ DB ] CONNECT:[ UseTime:0.001000s ] mysql:dbname=myblog;host=127.0.0.1;charset=utf8
[ sql ] [ SQL ] SHOW COLUMNS FROM `article` [ RunTime:0.013001s ]
[ sql ] [ SQL ] SELECT * FROM `article` LIMIT 10   [ RunTime:0.001000s ]
[ sql ] [ DB ] CONNECT:[ UseTime:0.001000s ] mysql:dbname=myblog;host=127.0.0.1;charset=utf8
[ sql ] [ SQL ] SELECT COUNT(*) AS tp_count FROM `article` LIMIT 1   [ RunTime:0.001000s ]
[ sql ] [ SQL ] SELECT * FROM `article` LIMIT 0,3   [ RunTime:0.001000s ]

---------------------------------------------------------------
[ 2020-03-05T22:59:22+08:00 ] ::1 ::1 GET /myblog/public/index.php
[ log ] localhost/myblog/public/index.php [运行时间：0.175010s][吞吐率：5.71req/s] [内存消耗：2,623.46kb] [文件加载：54]
[ info ] [ ROUTE ] array (
  'type' => 'module',
  'module' => 
  array (
    0 => '',
    1 => NULL,
    2 => NULL,
  ),
)
[ info ] [ HEADER ] array (
  'host' => 'localhost',
  'connection' => 'keep-alive',
  'upgrade-insecure-requests' => '1',
  'user-agent' => 'Mozilla/5.0 (Windows NT 6.1; WOW64) AppleWebKit/537.36 (KHTML, like Gecko) Chrome/75.0.3770.100 Safari/537.36',
  'accept' => 'text/html,application/xhtml+xml,application/xml;q=0.9,image/webp,image/apng,*/*;q=0.8,application/signed-exchange;v=b3',
  'purpose' => 'prefetch',
  'accept-encoding' => 'gzip, deflate, br',
  'accept-language' => 'zh-CN,zh;q=0.9',
  'cookie' => 'PHPSESSID=uo283stpmgh4shlm6uclathu87; think_var=zh-cn',
)
[ info ] [ PARAM ] array (
)
[ info ] [ RUN ] Method [ <user> public method index ] {
  @@ D:\phpStudy\PHPTutorial\WWW\myblog\application\index\controller\Index.php 6 - 21
}

[ info ] [ DB ] INIT mysql
[ info ] [ DB ] INIT mysql
[ info ] [ DB ] INIT mysql
[ info ] [ DB ] INIT mysql
[ info ] [ VIEW ] D:\phpStudy\PHPTutorial\WWW\myblog\public/../application/index\view\index\index.html [ array (
  0 => 'cates',
  1 => 'friends',
  2 => 'articles',
  3 => 'articless',
) ]
[ info ] [ SESSION ] INIT array (
  'id' => '',
  'var_session_id' => '',
  'prefix' => 'think',
  'type' => '',
  'auto_start' => true,
)
[ info ] [ LOG ] INIT File
[ sql ] [ DB ] CONNECT:[ UseTime:0.012001s ] mysql:dbname=myblog;host=127.0.0.1;charset=utf8
[ sql ] [ SQL ] SHOW COLUMNS FROM `cate` [ RunTime:0.013001s ]
[ sql ] [ SQL ] SELECT * FROM `cate`  [ RunTime:0.000000s ]
[ sql ] [ DB ] CONNECT:[ UseTime:0.001000s ] mysql:dbname=myblog;host=127.0.0.1;charset=utf8
[ sql ] [ SQL ] SHOW COLUMNS FROM `friend` [ RunTime:0.015001s ]
[ sql ] [ SQL ] SELECT * FROM `friend`  [ RunTime:0.001000s ]
[ sql ] [ DB ] CONNECT:[ UseTime:0.001000s ] mysql:dbname=myblog;host=127.0.0.1;charset=utf8
[ sql ] [ SQL ] SHOW COLUMNS FROM `article` [ RunTime:0.013001s ]
[ sql ] [ SQL ] SELECT * FROM `article` LIMIT 10   [ RunTime:0.002000s ]
[ sql ] [ DB ] CONNECT:[ UseTime:0.001000s ] mysql:dbname=myblog;host=127.0.0.1;charset=utf8
[ sql ] [ SQL ] SELECT COUNT(*) AS tp_count FROM `article` LIMIT 1   [ RunTime:0.019001s ]
[ sql ] [ SQL ] SELECT * FROM `article` LIMIT 0,3   [ RunTime:0.001000s ]

---------------------------------------------------------------
[ 2020-03-05T22:59:24+08:00 ] ::1 ::1 GET /myblog/public/index.php/index/index/index.html
[ log ] localhost/myblog/public/index.php/index/index/index.html [运行时间：0.145008s][吞吐率：6.90req/s] [内存消耗：2,623.55kb] [文件加载：54]
[ info ] [ ROUTE ] array (
  'type' => 'module',
  'module' => 
  array (
    0 => 'index',
    1 => 'index',
    2 => 'index',
  ),
)
[ info ] [ HEADER ] array (
  'host' => 'localhost',
  'connection' => 'keep-alive',
  'upgrade-insecure-requests' => '1',
  'user-agent' => 'Mozilla/5.0 (Windows NT 6.1; WOW64) AppleWebKit/537.36 (KHTML, like Gecko) Chrome/75.0.3770.100 Safari/537.36',
  'accept' => 'text/html,application/xhtml+xml,application/xml;q=0.9,image/webp,image/apng,*/*;q=0.8,application/signed-exchange;v=b3',
  'accept-encoding' => 'gzip, deflate, br',
  'accept-language' => 'zh-CN,zh;q=0.9',
  'cookie' => 'PHPSESSID=uo283stpmgh4shlm6uclathu87; think_var=zh-cn',
)
[ info ] [ PARAM ] array (
)
[ info ] [ RUN ] Method [ <user> public method index ] {
  @@ D:\phpStudy\PHPTutorial\WWW\myblog\application\index\controller\Index.php 6 - 21
}

[ info ] [ DB ] INIT mysql
[ info ] [ DB ] INIT mysql
[ info ] [ DB ] INIT mysql
[ info ] [ DB ] INIT mysql
[ info ] [ VIEW ] D:\phpStudy\PHPTutorial\WWW\myblog\public/../application/index\view\index\index.html [ array (
  0 => 'cates',
  1 => 'friends',
  2 => 'articles',
  3 => 'articless',
) ]
[ info ] [ SESSION ] INIT array (
  'id' => '',
  'var_session_id' => '',
  'prefix' => 'think',
  'type' => '',
  'auto_start' => true,
)
[ info ] [ LOG ] INIT File
[ sql ] [ DB ] CONNECT:[ UseTime:0.002000s ] mysql:dbname=myblog;host=127.0.0.1;charset=utf8
[ sql ] [ SQL ] SHOW COLUMNS FROM `cate` [ RunTime:0.013001s ]
[ sql ] [ SQL ] SELECT * FROM `cate`  [ RunTime:0.001000s ]
[ sql ] [ DB ] CONNECT:[ UseTime:0.010000s ] mysql:dbname=myblog;host=127.0.0.1;charset=utf8
[ sql ] [ SQL ] SHOW COLUMNS FROM `friend` [ RunTime:0.010001s ]
[ sql ] [ SQL ] SELECT * FROM `friend`  [ RunTime:0.000000s ]
[ sql ] [ DB ] CONNECT:[ UseTime:0.001000s ] mysql:dbname=myblog;host=127.0.0.1;charset=utf8
[ sql ] [ SQL ] SHOW COLUMNS FROM `article` [ RunTime:0.011001s ]
[ sql ] [ SQL ] SELECT * FROM `article` LIMIT 10   [ RunTime:0.002000s ]
[ sql ] [ DB ] CONNECT:[ UseTime:0.011001s ] mysql:dbname=myblog;host=127.0.0.1;charset=utf8
[ sql ] [ SQL ] SELECT COUNT(*) AS tp_count FROM `article` LIMIT 1   [ RunTime:0.002000s ]
[ sql ] [ SQL ] SELECT * FROM `article` LIMIT 0,3   [ RunTime:0.001000s ]

---------------------------------------------------------------
[ 2020-03-05T23:14:17+08:00 ] ::1 ::1 GET /myblog/public/index.php/admin/login/logout.html
[ log ] localhost/myblog/public/index.php/admin/login/logout.html [运行时间：0.105006s][吞吐率：9.52req/s] [内存消耗：1,555.37kb] [文件加载：44]
[ info ] [ ROUTE ] array (
  'type' => 'module',
  'module' => 
  array (
    0 => 'admin',
    1 => 'login',
    2 => 'logout',
  ),
)
[ info ] [ HEADER ] array (
  'host' => 'localhost',
  'connection' => 'keep-alive',
  'upgrade-insecure-requests' => '1',
  'user-agent' => 'Mozilla/5.0 (Windows NT 6.1; WOW64) AppleWebKit/537.36 (KHTML, like Gecko) Chrome/75.0.3770.100 Safari/537.36',
  'accept' => 'text/html,application/xhtml+xml,application/xml;q=0.9,image/webp,image/apng,*/*;q=0.8,application/signed-exchange;v=b3',
  'referer' => 'http://localhost/myblog/public/index.php/admin',
  'accept-encoding' => 'gzip, deflate, br',
  'accept-language' => 'zh-CN,zh;q=0.9',
  'cookie' => 'PHPSESSID=uo283stpmgh4shlm6uclathu87; think_var=zh-cn',
)
[ info ] [ PARAM ] array (
)
[ info ] [ RUN ] Method [ <user> public method logout ] {
  @@ D:\phpStudy\PHPTutorial\WWW\myblog\application\admin\controller\Login.php 39 - 46
}

[ info ] [ SESSION ] INIT array (
  'id' => '',
  'var_session_id' => '',
  'prefix' => 'think',
  'type' => '',
  'auto_start' => true,
)
[ info ] [ VIEW ] D:\phpStudy\PHPTutorial\WWW\myblog\thinkphp\tpl\dispatch_jump.tpl [ array (
  0 => 'code',
  1 => 'msg',
  2 => 'data',
  3 => 'url',
  4 => 'wait',
) ]
[ info ] [ LOG ] INIT File

---------------------------------------------------------------
[ 2020-03-05T23:14:20+08:00 ] ::1 ::1 GET /myblog/public/index.php/admin/login/login.html
[ log ] localhost/myblog/public/index.php/admin/login/login.html [运行时间：0.091005s][吞吐率：10.99req/s] [内存消耗：1,507.42kb] [文件加载：42]
[ info ] [ ROUTE ] array (
  'type' => 'module',
  'module' => 
  array (
    0 => 'admin',
    1 => 'login',
    2 => 'login',
  ),
)
[ info ] [ HEADER ] array (
  'host' => 'localhost',
  'connection' => 'keep-alive',
  'upgrade-insecure-requests' => '1',
  'user-agent' => 'Mozilla/5.0 (Windows NT 6.1; WOW64) AppleWebKit/537.36 (KHTML, like Gecko) Chrome/75.0.3770.100 Safari/537.36',
  'accept' => 'text/html,application/xhtml+xml,application/xml;q=0.9,image/webp,image/apng,*/*;q=0.8,application/signed-exchange;v=b3',
  'referer' => 'http://localhost/myblog/public/index.php/admin/login/logout.html',
  'accept-encoding' => 'gzip, deflate, br',
  'accept-language' => 'zh-CN,zh;q=0.9',
  'cookie' => 'PHPSESSID=uo283stpmgh4shlm6uclathu87; think_var=zh-cn',
)
[ info ] [ PARAM ] array (
)
[ info ] [ RUN ] Method [ <user> public method login ] {
  @@ D:\phpStudy\PHPTutorial\WWW\myblog\application\admin\controller\Login.php 6 - 36
}

[ info ] [ VIEW ] D:\phpStudy\PHPTutorial\WWW\myblog\public/../application/admin\view\login\login.html [ array (
) ]
[ info ] [ LOG ] INIT File

---------------------------------------------------------------
[ 2020-03-05T23:14:22+08:00 ] ::1 ::1 GET /myblog/public/index.php/captcha.html
[ log ] localhost/myblog/public/index.php/captcha.html [运行时间：1.643094s][吞吐率：0.61req/s] [内存消耗：1,275.77kb] [文件加载：35]
[ info ] [ ROUTE ] array (
  'type' => 'method',
  'method' => 
  array (
    0 => '\\think\\captcha\\CaptchaController',
    1 => 'index',
  ),
)
[ info ] [ HEADER ] array (
  'host' => 'localhost',
  'connection' => 'keep-alive',
  'user-agent' => 'Mozilla/5.0 (Windows NT 6.1; WOW64) AppleWebKit/537.36 (KHTML, like Gecko) Chrome/75.0.3770.100 Safari/537.36',
  'accept' => 'image/webp,image/apng,image/*,*/*;q=0.8',
  'referer' => 'http://localhost/myblog/public/index.php/admin/login/login.html',
  'accept-encoding' => 'gzip, deflate, br',
  'accept-language' => 'zh-CN,zh;q=0.9',
  'cookie' => 'PHPSESSID=uo283stpmgh4shlm6uclathu87; think_var=zh-cn',
)
[ info ] [ PARAM ] array (
  'id' => NULL,
)
[ info ] [ RUN ] Method [ <user> public method index ] {
  @@ D:\phpStudy\PHPTutorial\WWW\myblog\vendor\topthink\think-captcha\src\CaptchaController.php 18 - 22

  - Parameters [1] {
    Parameter #0 [ <optional> $id = '' ]
  }
}

[ info ] [ SESSION ] INIT array (
  'id' => '',
  'var_session_id' => '',
  'prefix' => 'think',
  'type' => '',
  'auto_start' => true,
)
[ info ] [ LOG ] INIT File

---------------------------------------------------------------
[ 2020-03-05T23:14:31+08:00 ] ::1 ::1 POST /myblog/public/index.php/admin/login/login.html
[ log ] localhost/myblog/public/index.php/admin/login/login.html [运行时间：0.244014s][吞吐率：4.10req/s] [内存消耗：2,223.55kb] [文件加载：52]
[ info ] [ ROUTE ] array (
  'type' => 'module',
  'module' => 
  array (
    0 => 'admin',
    1 => 'login',
    2 => 'login',
  ),
)
[ info ] [ HEADER ] array (
  'host' => 'localhost',
  'connection' => 'keep-alive',
  'cache-control' => 'max-age=0',
  'origin' => 'http://localhost',
  'upgrade-insecure-requests' => '1',
  'user-agent' => 'Mozilla/5.0 (Windows NT 6.1; WOW64) AppleWebKit/537.36 (KHTML, like Gecko) Chrome/75.0.3770.100 Safari/537.36',
  'accept' => 'text/html,application/xhtml+xml,application/xml;q=0.9,image/webp,image/apng,*/*;q=0.8,application/signed-exchange;v=b3',
  'referer' => 'http://localhost/myblog/public/index.php/admin/login/login.html',
  'accept-encoding' => 'gzip, deflate, br',
  'accept-language' => 'zh-CN,zh;q=0.9',
  'cookie' => 'PHPSESSID=uo283stpmgh4shlm6uclathu87; think_var=zh-cn',
  'content-type' => 'application/x-www-form-urlencoded',
  'content-length' => '39',
)
[ info ] [ PARAM ] array (
  'username' => 'admin',
  'password' => 'admin',
  'code' => 'mxcz',
)
[ info ] [ RUN ] Method [ <user> public method login ] {
  @@ D:\phpStudy\PHPTutorial\WWW\myblog\application\admin\controller\Login.php 6 - 36
}

[ info ] [ DB ] INIT mysql
[ info ] [ SESSION ] INIT array (
  'id' => '',
  'var_session_id' => '',
  'prefix' => 'think',
  'type' => '',
  'auto_start' => true,
)
[ info ] [ VIEW ] D:\phpStudy\PHPTutorial\WWW\myblog\thinkphp\tpl\dispatch_jump.tpl [ array (
  0 => 'code',
  1 => 'msg',
  2 => 'data',
  3 => 'url',
  4 => 'wait',
) ]
[ info ] [ LOG ] INIT File
[ sql ] [ DB ] CONNECT:[ UseTime:0.010001s ] mysql:dbname=myblog;host=127.0.0.1;charset=utf8
[ sql ] [ SQL ] SHOW COLUMNS FROM `admin` [ RunTime:0.126007s ]
[ sql ] [ SQL ] SELECT * FROM `admin` WHERE  `username` = 'admin'  AND `password` = 'admin' LIMIT 1     [ RunTime:0.014001s ]

---------------------------------------------------------------
[ 2020-03-05T23:14:34+08:00 ] ::1 ::1 GET /myblog/public/index.php/admin/index/index.html
[ log ] localhost/myblog/public/index.php/admin/index/index.html [运行时间：0.069004s][吞吐率：14.49req/s] [内存消耗：1,548.94kb] [文件加载：44]
[ info ] [ ROUTE ] array (
  'type' => 'module',
  'module' => 
  array (
    0 => 'admin',
    1 => 'index',
    2 => 'index',
  ),
)
[ info ] [ HEADER ] array (
  'host' => 'localhost',
  'connection' => 'keep-alive',
  'upgrade-insecure-requests' => '1',
  'user-agent' => 'Mozilla/5.0 (Windows NT 6.1; WOW64) AppleWebKit/537.36 (KHTML, like Gecko) Chrome/75.0.3770.100 Safari/537.36',
  'accept' => 'text/html,application/xhtml+xml,application/xml;q=0.9,image/webp,image/apng,*/*;q=0.8,application/signed-exchange;v=b3',
  'referer' => 'http://localhost/myblog/public/index.php/admin/login/login.html',
  'accept-encoding' => 'gzip, deflate, br',
  'accept-language' => 'zh-CN,zh;q=0.9',
  'cookie' => 'PHPSESSID=uo283stpmgh4shlm6uclathu87; think_var=zh-cn',
)
[ info ] [ PARAM ] array (
)
[ info ] [ SESSION ] INIT array (
  'id' => '',
  'var_session_id' => '',
  'prefix' => 'think',
  'type' => '',
  'auto_start' => true,
)
[ info ] [ RUN ] Method [ <user> public method index ] {
  @@ D:\phpStudy\PHPTutorial\WWW\myblog\application\admin\controller\Index.php 11 - 14
}

[ info ] [ VIEW ] D:\phpStudy\PHPTutorial\WWW\myblog\public/../application/admin\view\index\index.html [ array (
) ]
[ info ] [ LOG ] INIT File

---------------------------------------------------------------
[ 2020-03-05T23:15:14+08:00 ] ::1 ::1 GET /myblog/public/index.php/admin/article/index.html
[ log ] localhost/myblog/public/index.php/admin/article/index.html [运行时间：0.449026s][吞吐率：2.23req/s] [内存消耗：2,379.55kb] [文件加载：55]
[ info ] [ ROUTE ] array (
  'type' => 'module',
  'module' => 
  array (
    0 => 'admin',
    1 => 'article',
    2 => 'index',
  ),
)
[ info ] [ HEADER ] array (
  'host' => 'localhost',
  'connection' => 'keep-alive',
  'upgrade-insecure-requests' => '1',
  'user-agent' => 'Mozilla/5.0 (Windows NT 6.1; WOW64) AppleWebKit/537.36 (KHTML, like Gecko) Chrome/75.0.3770.100 Safari/537.36',
  'accept' => 'text/html,application/xhtml+xml,application/xml;q=0.9,image/webp,image/apng,*/*;q=0.8,application/signed-exchange;v=b3',
  'referer' => 'http://localhost/myblog/public/index.php/admin/index/index.html',
  'accept-encoding' => 'gzip, deflate, br',
  'accept-language' => 'zh-CN,zh;q=0.9',
  'cookie' => 'PHPSESSID=uo283stpmgh4shlm6uclathu87; think_var=zh-cn',
)
[ info ] [ PARAM ] array (
)
[ info ] [ SESSION ] INIT array (
  'id' => '',
  'var_session_id' => '',
  'prefix' => 'think',
  'type' => '',
  'auto_start' => true,
)
[ info ] [ RUN ] Method [ <user> public method index ] {
  @@ D:\phpStudy\PHPTutorial\WWW\myblog\application\admin\controller\Article.php 10 - 16
}

[ info ] [ DB ] INIT mysql
[ info ] [ VIEW ] D:\phpStudy\PHPTutorial\WWW\myblog\public/../application/admin\view\article\index.html [ array (
  0 => 'articles',
) ]
[ info ] [ LOG ] INIT File
[ sql ] [ DB ] CONNECT:[ UseTime:0.001000s ] mysql:dbname=myblog;host=127.0.0.1;charset=utf8
[ sql ] [ SQL ] SHOW COLUMNS FROM `article` [ RunTime:0.028001s ]
[ sql ] [ SQL ] SELECT COUNT(*) AS tp_count FROM `article` INNER JOIN cate ON cate.id=article.typeid  ORDER BY article.id desc LIMIT 1   [ RunTime:0.081005s ]
[ sql ] [ SQL ] SELECT article.*,cate.name,cate.sort FROM `article` INNER JOIN cate ON cate.id=article.typeid  ORDER BY article.id desc LIMIT 0,5   [ RunTime:0.203012s ]

---------------------------------------------------------------
[ 2020-03-05T23:15:15+08:00 ] ::1 ::1 GET /myblog/public/
[ log ] localhost/myblog/public/ [运行时间：0.280016s][吞吐率：3.57req/s] [内存消耗：2,623.18kb] [文件加载：54]
[ info ] [ ROUTE ] array (
  'type' => 'module',
  'module' => 
  array (
    0 => '',
    1 => NULL,
    2 => NULL,
  ),
)
[ info ] [ HEADER ] array (
  'host' => 'localhost',
  'connection' => 'keep-alive',
  'user-agent' => 'Mozilla/5.0 (Windows NT 6.1; WOW64) AppleWebKit/537.36 (KHTML, like Gecko) Chrome/75.0.3770.100 Safari/537.36',
  'accept' => 'image/webp,image/apng,image/*,*/*;q=0.8',
  'referer' => 'http://localhost/myblog/public/index.php/admin/article/index.html',
  'accept-encoding' => 'gzip, deflate, br',
  'accept-language' => 'zh-CN,zh;q=0.9',
  'cookie' => 'PHPSESSID=uo283stpmgh4shlm6uclathu87; think_var=zh-cn',
)
[ info ] [ PARAM ] array (
)
[ info ] [ RUN ] Method [ <user> public method index ] {
  @@ D:\phpStudy\PHPTutorial\WWW\myblog\application\index\controller\Index.php 6 - 21
}

[ info ] [ DB ] INIT mysql
[ info ] [ DB ] INIT mysql
[ info ] [ DB ] INIT mysql
[ info ] [ DB ] INIT mysql
[ info ] [ VIEW ] D:\phpStudy\PHPTutorial\WWW\myblog\public/../application/index\view\index\index.html [ array (
  0 => 'cates',
  1 => 'friends',
  2 => 'articles',
  3 => 'articless',
) ]
[ info ] [ SESSION ] INIT array (
  'id' => '',
  'var_session_id' => '',
  'prefix' => 'think',
  'type' => '',
  'auto_start' => true,
)
[ info ] [ LOG ] INIT File
[ sql ] [ DB ] CONNECT:[ UseTime:0.011001s ] mysql:dbname=myblog;host=127.0.0.1;charset=utf8
[ sql ] [ SQL ] SHOW COLUMNS FROM `cate` [ RunTime:0.023001s ]
[ sql ] [ SQL ] SELECT * FROM `cate`  [ RunTime:0.000000s ]
[ sql ] [ DB ] CONNECT:[ UseTime:0.001000s ] mysql:dbname=myblog;host=127.0.0.1;charset=utf8
[ sql ] [ SQL ] SHOW COLUMNS FROM `friend` [ RunTime:0.050003s ]
[ sql ] [ SQL ] SELECT * FROM `friend`  [ RunTime:0.001000s ]
[ sql ] [ DB ] CONNECT:[ UseTime:0.002001s ] mysql:dbname=myblog;host=127.0.0.1;charset=utf8
[ sql ] [ SQL ] SHOW COLUMNS FROM `article` [ RunTime:0.036002s ]
[ sql ] [ SQL ] SELECT * FROM `article` LIMIT 10   [ RunTime:0.020001s ]
[ sql ] [ DB ] CONNECT:[ UseTime:0.001000s ] mysql:dbname=myblog;host=127.0.0.1;charset=utf8
[ sql ] [ SQL ] SELECT COUNT(*) AS tp_count FROM `article` LIMIT 1   [ RunTime:0.001000s ]
[ sql ] [ SQL ] SELECT * FROM `article` LIMIT 0,3   [ RunTime:0.001000s ]

---------------------------------------------------------------
[ 2020-03-05T23:15:18+08:00 ] ::1 ::1 GET /myblog/public/index.php/admin/cate/index.html
[ log ] localhost/myblog/public/index.php/admin/cate/index.html [运行时间：0.136008s][吞吐率：7.35req/s] [内存消耗：2,278.17kb] [文件加载：55]
[ info ] [ ROUTE ] array (
  'type' => 'module',
  'module' => 
  array (
    0 => 'admin',
    1 => 'cate',
    2 => 'index',
  ),
)
[ info ] [ HEADER ] array (
  'host' => 'localhost',
  'connection' => 'keep-alive',
  'upgrade-insecure-requests' => '1',
  'user-agent' => 'Mozilla/5.0 (Windows NT 6.1; WOW64) AppleWebKit/537.36 (KHTML, like Gecko) Chrome/75.0.3770.100 Safari/537.36',
  'accept' => 'text/html,application/xhtml+xml,application/xml;q=0.9,image/webp,image/apng,*/*;q=0.8,application/signed-exchange;v=b3',
  'referer' => 'http://localhost/myblog/public/index.php/admin/article/index.html',
  'accept-encoding' => 'gzip, deflate, br',
  'accept-language' => 'zh-CN,zh;q=0.9',
  'cookie' => 'PHPSESSID=uo283stpmgh4shlm6uclathu87; think_var=zh-cn',
)
[ info ] [ PARAM ] array (
)
[ info ] [ SESSION ] INIT array (
  'id' => '',
  'var_session_id' => '',
  'prefix' => 'think',
  'type' => '',
  'auto_start' => true,
)
[ info ] [ RUN ] Method [ <user> public method index ] {
  @@ D:\phpStudy\PHPTutorial\WWW\myblog\application\admin\controller\Cate.php 8 - 14
}

[ info ] [ DB ] INIT mysql
[ info ] [ VIEW ] D:\phpStudy\PHPTutorial\WWW\myblog\public/../application/admin\view\cate\index.html [ array (
  0 => 'cates',
) ]
[ info ] [ LOG ] INIT File
[ sql ] [ DB ] CONNECT:[ UseTime:0.000000s ] mysql:dbname=myblog;host=127.0.0.1;charset=utf8
[ sql ] [ SQL ] SHOW COLUMNS FROM `cate` [ RunTime:0.020001s ]
[ sql ] [ SQL ] SELECT COUNT(*) AS tp_count FROM `cate` ORDER BY sort desc LIMIT 1   [ RunTime:0.001000s ]
[ sql ] [ SQL ] SELECT * FROM `cate` ORDER BY sort desc LIMIT 0,2   [ RunTime:0.000000s ]

---------------------------------------------------------------
